[pyc] using pycc: /Users/zhoubot/pyCircuit/build/bin/pycc
[pyc] running strict API hygiene gate
[pyc] [1] emit arith
[pyc] [1] compile(cpp) arith
[pyc] [2] emit boundary_value_ports
[pyc] [2] compile(cpp) boundary_value_ports
[pyc] [3] emit bundle_probe_expand
[pyc] [3] check M4 hardened layout metadata bundle_probe_expand
ok: hardened layout metadata present and stable
[pyc] [3] compile(cpp) bundle_probe_expand
[pyc] [3] check M4 canonical DFX field paths bundle_probe_expand
[pyc] [4] emit cache_params
[pyc] [4] compile(cpp) cache_params
[pyc] [5] emit calculator
[pyc] [5] compile(cpp) calculator
[pyc] [6] emit counter
[pyc] [6] compile(cpp) counter
[pyc] [7] emit decode_rules
[pyc] [7] compile(cpp) decode_rules
[pyc] [8] emit digital_clock
[pyc] [8] compile(cpp) digital_clock
[pyc] [9] emit fastfwd
[pyc] [9] compile(cpp) fastfwd
[pyc] [10] emit fifo_loopback
[pyc] [10] compile(cpp) fifo_loopback
[pyc] [11] emit hier_modules
[pyc] [11] compile(cpp) hier_modules
[pyc] [12] emit huge_hierarchy_stress
[pyc] [12] compile(cpp) huge_hierarchy_stress
[pyc] [13] emit instance_map
[pyc] [13] compile(cpp) instance_map
[pyc] [14] emit interface_wiring
[pyc] [14] compile(cpp) interface_wiring
[pyc] [15] emit issue_queue_2picker
[pyc] [15] compile(cpp) issue_queue_2picker
[pyc] [16] emit jit_control_flow
[pyc] [16] compile(cpp) jit_control_flow
[pyc] [17] emit jit_pipeline_vec
[pyc] [17] compile(cpp) jit_pipeline_vec
[pyc] [18] emit mem_rdw_olddata
[pyc] [18] compile(cpp) mem_rdw_olddata
[pyc] [19] emit module_collection
[pyc] [19] compile(cpp) module_collection
[pyc] [20] emit multiclock_regs
[pyc] [20] compile(cpp) multiclock_regs
[pyc] [21] emit net_resolution_depth_smoke
[pyc] [21] compile(cpp) net_resolution_depth_smoke
[pyc] [22] emit obs_points
[pyc] [22] compile(cpp) obs_points
[pyc] [23] emit pipeline_builder
[pyc] [23] compile(cpp) pipeline_builder
[pyc] [24] emit reset_invalidate_order_smoke
[pyc] [24] compile(cpp) reset_invalidate_order_smoke
[pyc] [25] emit struct_transform
[pyc] [25] compile(cpp) struct_transform
[pyc] [26] emit sync_mem_init_zero
[pyc] [26] compile(cpp) sync_mem_init_zero
[pyc] [27] emit trace_dsl_smoke
[pyc] [27] compile(cpp) trace_dsl_smoke
[pyc] [28] emit wire_ops
[pyc] [28] compile(cpp) wire_ops
[pyc] [29] emit xz_value_model_smoke
[pyc] [29] compile(cpp) xz_value_model_smoke
[pyc] [30] build counter
jit-cache: miss
/Users/zhoubot/pyCircuit/.pycircuit_out/example-build-smoke/counter/cpp_build/src/CMakeLists.txt
-- The CXX compiler identification is AppleClang 17.0.0.17000604
-- Detecting CXX compiler ABI info
-- Detecting CXX compiler ABI info - done
-- Check for working CXX compiler: /usr/bin/c++ - skipped
-- Detecting CXX compile features
-- Detecting CXX compile features - done
-- Configuring done (0.4s)
-- Generating done (0.0s)
-- Build files have been written to: /Users/zhoubot/pyCircuit/.pycircuit_out/example-build-smoke/counter/cpp_build/build
[1/5] Building CXX object CMakeFiles/pyc4_runtime.dir/Users/zhoubot/pyCircuit/runtime/cpp/pyc_runtime.cpp.o
[2/5] Linking CXX static library libpyc4_runtime.a
[3/5] Building CXX object CMakeFiles/pyc_tb.dir/Users/zhoubot/pyCircuit/.pycircuit_out/example-build-smoke/counter/device/cpp/counter/counter.cpp.o
[4/5] Building CXX object CMakeFiles/pyc_tb.dir/Users/zhoubot/pyCircuit/.pycircuit_out/example-build-smoke/counter/tb/tb_counter.cpp.o
[5/5] Linking CXX executable pyc_tb
/Users/zhoubot/pyCircuit/.pycircuit_out/example-build-smoke/counter/project_manifest.json
[pyc] [31] build huge_hierarchy_stress
jit-cache: miss
/Users/zhoubot/pyCircuit/.pycircuit_out/example-build-smoke/huge_hierarchy_stress/cpp_build/src/CMakeLists.txt
-- The CXX compiler identification is AppleClang 17.0.0.17000604
-- Detecting CXX compiler ABI info
-- Detecting CXX compiler ABI info - done
-- Check for working CXX compiler: /usr/bin/c++ - skipped
-- Detecting CXX compile features
-- Detecting CXX compile features - done
-- Configuring done (0.6s)
-- Generating done (0.0s)
-- Build files have been written to: /Users/zhoubot/pyCircuit/.pycircuit_out/example-build-smoke/huge_hierarchy_stress/cpp_build/build
[1/58] Building CXX object CMakeFiles/pyc4_runtime.dir/Users/zhoubot/pyCircuit/runtime/cpp/pyc_runtime.cpp.o
[2/58] Building CXX object CMakeFiles/pyc_tb.dir/Users/zhoubot/pyCircuit/.pycircuit_out/example-build-smoke/huge_hierarchy_stress/device/cpp/_leaf__p3050d8d2/_leaf__p3050d8d2.cpp.o
[3/58] Building CXX object CMakeFiles/pyc_tb.dir/Users/zhoubot/pyCircuit/.pycircuit_out/example-build-smoke/huge_hierarchy_stress/device/cpp/_node__p0745d50b/_node__p0745d50b.cpp.o
[4/58] Building CXX object CMakeFiles/pyc_tb.dir/Users/zhoubot/pyCircuit/.pycircuit_out/example-build-smoke/huge_hierarchy_stress/device/cpp/Cache__p9fc49ca4/Cache__p9fc49ca4.cpp.o
[5/58] Building CXX object CMakeFiles/pyc_tb.dir/Users/zhoubot/pyCircuit/.pycircuit_out/example-build-smoke/huge_hierarchy_stress/device/cpp/_node__p030c1a2d/_node__p030c1a2d.cpp.o
[6/58] Building CXX object CMakeFiles/pyc_tb.dir/Users/zhoubot/pyCircuit/.pycircuit_out/example-build-smoke/huge_hierarchy_stress/device/cpp/_node__p0d6b231e/_node__p0d6b231e.cpp.o
[7/58] Building CXX object CMakeFiles/pyc_tb.dir/Users/zhoubot/pyCircuit/.pycircuit_out/example-build-smoke/huge_hierarchy_stress/device/cpp/_node__p10adf924/_node__p10adf924.cpp.o
[8/58] Building CXX object CMakeFiles/pyc_tb.dir/Users/zhoubot/pyCircuit/.pycircuit_out/example-build-smoke/huge_hierarchy_stress/device/cpp/_node__p0ef12634/_node__p0ef12634.cpp.o
[9/58] Building CXX object CMakeFiles/pyc_tb.dir/Users/zhoubot/pyCircuit/.pycircuit_out/example-build-smoke/huge_hierarchy_stress/device/cpp/_node__p152b9268/_node__p152b9268.cpp.o
[10/58] Building CXX object CMakeFiles/pyc_tb.dir/Users/zhoubot/pyCircuit/.pycircuit_out/example-build-smoke/huge_hierarchy_stress/device/cpp/_node__p175492af/_node__p175492af.cpp.o
[11/58] Building CXX object CMakeFiles/pyc_tb.dir/Users/zhoubot/pyCircuit/.pycircuit_out/example-build-smoke/huge_hierarchy_stress/device/cpp/_node__p20a4bd0d/_node__p20a4bd0d.cpp.o
[12/58] Building CXX object CMakeFiles/pyc_tb.dir/Users/zhoubot/pyCircuit/.pycircuit_out/example-build-smoke/huge_hierarchy_stress/device/cpp/_node__p1f10e57d/_node__p1f10e57d.cpp.o
[13/58] Building CXX object CMakeFiles/pyc_tb.dir/Users/zhoubot/pyCircuit/.pycircuit_out/example-build-smoke/huge_hierarchy_stress/device/cpp/_node__p20ffa97c/_node__p20ffa97c.cpp.o
[14/58] Building CXX object CMakeFiles/pyc_tb.dir/Users/zhoubot/pyCircuit/.pycircuit_out/example-build-smoke/huge_hierarchy_stress/device/cpp/_node__p29f3e11e/_node__p29f3e11e.cpp.o
[15/58] Building CXX object CMakeFiles/pyc_tb.dir/Users/zhoubot/pyCircuit/.pycircuit_out/example-build-smoke/huge_hierarchy_stress/device/cpp/_node__p27368cb1/_node__p27368cb1.cpp.o
[16/58] Building CXX object CMakeFiles/pyc_tb.dir/Users/zhoubot/pyCircuit/.pycircuit_out/example-build-smoke/huge_hierarchy_stress/device/cpp/_node__p2a48830f/_node__p2a48830f.cpp.o
[17/58] Building CXX object CMakeFiles/pyc_tb.dir/Users/zhoubot/pyCircuit/.pycircuit_out/example-build-smoke/huge_hierarchy_stress/device/cpp/_node__p2ce6b0be/_node__p2ce6b0be.cpp.o
[18/58] Building CXX object CMakeFiles/pyc_tb.dir/Users/zhoubot/pyCircuit/.pycircuit_out/example-build-smoke/huge_hierarchy_stress/device/cpp/_node__p39a66df9/_node__p39a66df9.cpp.o
[19/58] Building CXX object CMakeFiles/pyc_tb.dir/Users/zhoubot/pyCircuit/.pycircuit_out/example-build-smoke/huge_hierarchy_stress/device/cpp/_node__p345690b6/_node__p345690b6.cpp.o
[20/58] Building CXX object CMakeFiles/pyc_tb.dir/Users/zhoubot/pyCircuit/.pycircuit_out/example-build-smoke/huge_hierarchy_stress/device/cpp/_node__p3e254104/_node__p3e254104.cpp.o
[21/58] Building CXX object CMakeFiles/pyc_tb.dir/Users/zhoubot/pyCircuit/.pycircuit_out/example-build-smoke/huge_hierarchy_stress/device/cpp/_node__p45394e7b/_node__p45394e7b.cpp.o
[22/58] Building CXX object CMakeFiles/pyc_tb.dir/Users/zhoubot/pyCircuit/.pycircuit_out/example-build-smoke/huge_hierarchy_stress/device/cpp/_node__p555c6afd/_node__p555c6afd.cpp.o
[23/58] Building CXX object CMakeFiles/pyc_tb.dir/Users/zhoubot/pyCircuit/.pycircuit_out/example-build-smoke/huge_hierarchy_stress/device/cpp/_node__p51518788/_node__p51518788.cpp.o
[24/58] Building CXX object CMakeFiles/pyc_tb.dir/Users/zhoubot/pyCircuit/.pycircuit_out/example-build-smoke/huge_hierarchy_stress/device/cpp/_node__p59be9b8b/_node__p59be9b8b.cpp.o
[25/58] Building CXX object CMakeFiles/pyc_tb.dir/Users/zhoubot/pyCircuit/.pycircuit_out/example-build-smoke/huge_hierarchy_stress/device/cpp/_node__p5bd71361/_node__p5bd71361.cpp.o
[26/58] Building CXX object CMakeFiles/pyc_tb.dir/Users/zhoubot/pyCircuit/.pycircuit_out/example-build-smoke/huge_hierarchy_stress/device/cpp/_node__p5d9bb4be/_node__p5d9bb4be.cpp.o
[27/58] Building CXX object CMakeFiles/pyc_tb.dir/Users/zhoubot/pyCircuit/.pycircuit_out/example-build-smoke/huge_hierarchy_stress/device/cpp/_node__p604bcd3c/_node__p604bcd3c.cpp.o
[28/58] Building CXX object CMakeFiles/pyc_tb.dir/Users/zhoubot/pyCircuit/.pycircuit_out/example-build-smoke/huge_hierarchy_stress/device/cpp/_node__p68071f9c/_node__p68071f9c.cpp.o
[29/58] Building CXX object CMakeFiles/pyc_tb.dir/Users/zhoubot/pyCircuit/.pycircuit_out/example-build-smoke/huge_hierarchy_stress/device/cpp/_node__p6b62afb9/_node__p6b62afb9.cpp.o
[30/58] Building CXX object CMakeFiles/pyc_tb.dir/Users/zhoubot/pyCircuit/.pycircuit_out/example-build-smoke/huge_hierarchy_stress/device/cpp/_node__p73069fa0/_node__p73069fa0.cpp.o
[31/58] Building CXX object CMakeFiles/pyc_tb.dir/Users/zhoubot/pyCircuit/.pycircuit_out/example-build-smoke/huge_hierarchy_stress/device/cpp/_node__p75bd53fa/_node__p75bd53fa.cpp.o
[32/58] Building CXX object CMakeFiles/pyc_tb.dir/Users/zhoubot/pyCircuit/.pycircuit_out/example-build-smoke/huge_hierarchy_stress/device/cpp/_node__p71bb7fa4/_node__p71bb7fa4.cpp.o
[33/58] Building CXX object CMakeFiles/pyc_tb.dir/Users/zhoubot/pyCircuit/.pycircuit_out/example-build-smoke/huge_hierarchy_stress/device/cpp/_node__p7a82ce6b/_node__p7a82ce6b.cpp.o
[34/58] Building CXX object CMakeFiles/pyc_tb.dir/Users/zhoubot/pyCircuit/.pycircuit_out/example-build-smoke/huge_hierarchy_stress/device/cpp/_node__p838f3961/_node__p838f3961.cpp.o
[35/58] Building CXX object CMakeFiles/pyc_tb.dir/Users/zhoubot/pyCircuit/.pycircuit_out/example-build-smoke/huge_hierarchy_stress/device/cpp/_node__p8e3eabd5/_node__p8e3eabd5.cpp.o
[36/58] Building CXX object CMakeFiles/pyc_tb.dir/Users/zhoubot/pyCircuit/.pycircuit_out/example-build-smoke/huge_hierarchy_stress/device/cpp/_node__p8ba08621/_node__p8ba08621.cpp.o
[37/58] Building CXX object CMakeFiles/pyc_tb.dir/Users/zhoubot/pyCircuit/.pycircuit_out/example-build-smoke/huge_hierarchy_stress/device/cpp/_node__p8f05e66a/_node__p8f05e66a.cpp.o
[38/58] Building CXX object CMakeFiles/pyc_tb.dir/Users/zhoubot/pyCircuit/.pycircuit_out/example-build-smoke/huge_hierarchy_stress/device/cpp/_node__p94d47ef7/_node__p94d47ef7.cpp.o
[39/58] Building CXX object CMakeFiles/pyc_tb.dir/Users/zhoubot/pyCircuit/.pycircuit_out/example-build-smoke/huge_hierarchy_stress/device/cpp/_node__p95fd97e1/_node__p95fd97e1.cpp.o
[40/58] Building CXX object CMakeFiles/pyc_tb.dir/Users/zhoubot/pyCircuit/.pycircuit_out/example-build-smoke/huge_hierarchy_stress/device/cpp/_node__p9a1c5935/_node__p9a1c5935.cpp.o
[41/58] Building CXX object CMakeFiles/pyc_tb.dir/Users/zhoubot/pyCircuit/.pycircuit_out/example-build-smoke/huge_hierarchy_stress/device/cpp/_node__p9a3d5acb/_node__p9a3d5acb.cpp.o
[42/58] Building CXX object CMakeFiles/pyc_tb.dir/Users/zhoubot/pyCircuit/.pycircuit_out/example-build-smoke/huge_hierarchy_stress/device/cpp/_node__pa031e688/_node__pa031e688.cpp.o
[43/58] Building CXX object CMakeFiles/pyc_tb.dir/Users/zhoubot/pyCircuit/.pycircuit_out/example-build-smoke/huge_hierarchy_stress/device/cpp/_node__pa5900467/_node__pa5900467.cpp.o
[44/58] Building CXX object CMakeFiles/pyc_tb.dir/Users/zhoubot/pyCircuit/.pycircuit_out/example-build-smoke/huge_hierarchy_stress/device/cpp/_node__pb15ec846/_node__pb15ec846.cpp.o
[45/58] Building CXX object CMakeFiles/pyc_tb.dir/Users/zhoubot/pyCircuit/.pycircuit_out/example-build-smoke/huge_hierarchy_stress/device/cpp/_node__pb6c7ee08/_node__pb6c7ee08.cpp.o
[46/58] Building CXX object CMakeFiles/pyc_tb.dir/Users/zhoubot/pyCircuit/.pycircuit_out/example-build-smoke/huge_hierarchy_stress/device/cpp/_node__pb94790c0/_node__pb94790c0.cpp.o
[47/58] Building CXX object CMakeFiles/pyc_tb.dir/Users/zhoubot/pyCircuit/.pycircuit_out/example-build-smoke/huge_hierarchy_stress/device/cpp/_node__pc40bbde4/_node__pc40bbde4.cpp.o
[48/58] Building CXX object CMakeFiles/pyc_tb.dir/Users/zhoubot/pyCircuit/.pycircuit_out/example-build-smoke/huge_hierarchy_stress/device/cpp/_node__pc60518c4/_node__pc60518c4.cpp.o
[49/58] Building CXX object CMakeFiles/pyc_tb.dir/Users/zhoubot/pyCircuit/.pycircuit_out/example-build-smoke/huge_hierarchy_stress/device/cpp/_node__pc9d5affa/_node__pc9d5affa.cpp.o
[50/58] Building CXX object CMakeFiles/pyc_tb.dir/Users/zhoubot/pyCircuit/.pycircuit_out/example-build-smoke/huge_hierarchy_stress/device/cpp/_node__pcbcaffed/_node__pcbcaffed.cpp.o
[51/58] Building CXX object CMakeFiles/pyc_tb.dir/Users/zhoubot/pyCircuit/.pycircuit_out/example-build-smoke/huge_hierarchy_stress/device/cpp/_node__pd036a760/_node__pd036a760.cpp.o
[52/58] Building CXX object CMakeFiles/pyc_tb.dir/Users/zhoubot/pyCircuit/.pycircuit_out/example-build-smoke/huge_hierarchy_stress/device/cpp/_node__pf55f00c1/_node__pf55f00c1.cpp.o
[53/58] Building CXX object CMakeFiles/pyc_tb.dir/Users/zhoubot/pyCircuit/.pycircuit_out/example-build-smoke/huge_hierarchy_stress/device/cpp/_node__pf5fca2b4/_node__pf5fca2b4.cpp.o
[54/58] Linking CXX static library libpyc4_runtime.a
[55/58] Building CXX object CMakeFiles/pyc_tb.dir/Users/zhoubot/pyCircuit/.pycircuit_out/example-build-smoke/huge_hierarchy_stress/device/cpp/_node__pff21ed0f/_node__pff21ed0f.cpp.o
[56/58] Building CXX object CMakeFiles/pyc_tb.dir/Users/zhoubot/pyCircuit/.pycircuit_out/example-build-smoke/huge_hierarchy_stress/device/cpp/huge_hierarchy_stress/huge_hierarchy_stress.cpp.o
[57/58] Building CXX object CMakeFiles/pyc_tb.dir/Users/zhoubot/pyCircuit/.pycircuit_out/example-build-smoke/huge_hierarchy_stress/tb/tb_huge_hierarchy_stress.cpp.o
[58/58] Linking CXX executable pyc_tb
/Users/zhoubot/pyCircuit/.pycircuit_out/example-build-smoke/huge_hierarchy_stress/project_manifest.json
[pyc] [31] check Decision 0017 path shortening huge_hierarchy_stress
ok: huge_hierarchy_stress path shortening + trace plan alignment
[pyc] [32] build boundary_value_ports
jit-cache: miss
/Users/zhoubot/pyCircuit/.pycircuit_out/example-build-smoke/boundary_value_ports/cpp_build/src/CMakeLists.txt
-- The CXX compiler identification is AppleClang 17.0.0.17000604
-- Detecting CXX compiler ABI info
-- Detecting CXX compiler ABI info - done
-- Check for working CXX compiler: /usr/bin/c++ - skipped
-- Detecting CXX compile features
-- Detecting CXX compile features - done
-- Configuring done (0.4s)
-- Generating done (0.0s)
-- Build files have been written to: /Users/zhoubot/pyCircuit/.pycircuit_out/example-build-smoke/boundary_value_ports/cpp_build/build
[1/6] Building CXX object CMakeFiles/pyc4_runtime.dir/Users/zhoubot/pyCircuit/runtime/cpp/pyc_runtime.cpp.o
[2/6] Linking CXX static library libpyc4_runtime.a
[3/6] Building CXX object CMakeFiles/pyc_tb.dir/Users/zhoubot/pyCircuit/.pycircuit_out/example-build-smoke/boundary_value_ports/device/cpp/_lane__p345b2163/_lane__p345b2163.cpp.o
[4/6] Building CXX object CMakeFiles/pyc_tb.dir/Users/zhoubot/pyCircuit/.pycircuit_out/example-build-smoke/boundary_value_ports/device/cpp/boundary_value_ports/boundary_value_ports.cpp.o
[5/6] Building CXX object CMakeFiles/pyc_tb.dir/Users/zhoubot/pyCircuit/.pycircuit_out/example-build-smoke/boundary_value_ports/tb/tb_boundary_value_ports.cpp.o
[6/6] Linking CXX executable pyc_tb
/Users/zhoubot/pyCircuit/.pycircuit_out/example-build-smoke/boundary_value_ports/project_manifest.json
[pyc] [33] build bundle_probe_expand
jit-cache: miss
/Users/zhoubot/pyCircuit/.pycircuit_out/example-build-smoke/bundle_probe_expand/cpp_build/src/CMakeLists.txt
-- The CXX compiler identification is AppleClang 17.0.0.17000604
-- Detecting CXX compiler ABI info
-- Detecting CXX compiler ABI info - done
-- Check for working CXX compiler: /usr/bin/c++ - skipped
-- Detecting CXX compile features
-- Detecting CXX compile features - done
-- Configuring done (0.4s)
-- Generating done (0.0s)
-- Build files have been written to: /Users/zhoubot/pyCircuit/.pycircuit_out/example-build-smoke/bundle_probe_expand/cpp_build/build
[1/5] Building CXX object CMakeFiles/pyc4_runtime.dir/Users/zhoubot/pyCircuit/runtime/cpp/pyc_runtime.cpp.o
[2/5] Linking CXX static library libpyc4_runtime.a
[3/5] Building CXX object CMakeFiles/pyc_tb.dir/Users/zhoubot/pyCircuit/.pycircuit_out/example-build-smoke/bundle_probe_expand/device/cpp/bundle_probe_expand/bundle_probe_expand.cpp.o
[4/5] Building CXX object CMakeFiles/pyc_tb.dir/Users/zhoubot/pyCircuit/.pycircuit_out/example-build-smoke/bundle_probe_expand/tb/tb_bundle_probe_expand.cpp.o
[5/5] Linking CXX executable pyc_tb
/Users/zhoubot/pyCircuit/.pycircuit_out/example-build-smoke/bundle_probe_expand/project_manifest.json
[pyc] [33] check M4 trace DSL preserves dotted field paths bundle_probe_expand
ok: trace DSL preserves dotted field paths and SV mapping is sanitized
[pyc] [34] build trace_dsl_smoke
jit-cache: miss
/Users/zhoubot/pyCircuit/.pycircuit_out/example-build-smoke/trace_dsl_smoke/cpp_build/src/CMakeLists.txt
-- The CXX compiler identification is AppleClang 17.0.0.17000604
-- Detecting CXX compiler ABI info
-- Detecting CXX compiler ABI info - done
-- Check for working CXX compiler: /usr/bin/c++ - skipped
-- Detecting CXX compile features
-- Detecting CXX compile features - done
-- Configuring done (0.4s)
-- Generating done (0.0s)
-- Build files have been written to: /Users/zhoubot/pyCircuit/.pycircuit_out/example-build-smoke/trace_dsl_smoke/cpp_build/build
[1/6] Building CXX object CMakeFiles/pyc4_runtime.dir/Users/zhoubot/pyCircuit/runtime/cpp/pyc_runtime.cpp.o
[2/6] Linking CXX static library libpyc4_runtime.a
[3/6] Building CXX object CMakeFiles/pyc_tb.dir/Users/zhoubot/pyCircuit/.pycircuit_out/example-build-smoke/trace_dsl_smoke/device/cpp/leaf__p80da5f30/leaf__p80da5f30.cpp.o
[4/6] Building CXX object CMakeFiles/pyc_tb.dir/Users/zhoubot/pyCircuit/.pycircuit_out/example-build-smoke/trace_dsl_smoke/device/cpp/trace_dsl_smoke/trace_dsl_smoke.cpp.o
[5/6] Building CXX object CMakeFiles/pyc_tb.dir/Users/zhoubot/pyCircuit/.pycircuit_out/example-build-smoke/trace_dsl_smoke/tb/tb_trace_dsl_smoke.cpp.o
[6/6] Linking CXX executable pyc_tb
/Users/zhoubot/pyCircuit/.pycircuit_out/example-build-smoke/trace_dsl_smoke/project_manifest.json
[pyc] [34] check M4 trace DSL manifest trace_dsl_smoke
ok: trace DSL plan + generated TB texts are stable
[pyc] [34] check M5 incremental cache trace_dsl_smoke
ok: incremental build cache hit (jit + pycc)
[pyc] running M5 const/valueclass canonicalization positive checks
ok: valueclass params are canonicalized into stable pyc.params JSON
[pyc] running boundary value-param negative checks
[pyc] running M0 C++ runtime ownership check (Decision 0012)
[pyc] running M0 simulation phase API check (Decisions 0001/0026/0027)
[pyc] running M0 ProbeRegistry smoke (Decisions 0004/0018-0021)
[pyc] running M2 comb-cycle + logic-depth negative checks
[pyc] running M2 multi-clock/CDC legality negative checks
[pyc] running M5 cosim commit schema + mismatch dump checks
ok: cosim commit schema + mismatch dump gates
[pyc] running Decision 0006 mem hash/watch/dump smoke
[pyc] running decision status coverage gate
[pyc] running v4.0 semantic regression lane
[pyc] all examples passed
