[pyc] using pycc: /Users/zhoubot/pyCircuit/build/bin/pycc
[pyc] sim(example-nightly) example_arith: /Users/zhoubot/pyCircuit/designs/examples/arith/tb_arith.py
[pyc] run(cpp) example_arith: /Users/zhoubot/pyCircuit/.pycircuit_out/sim_nightly/example_arith/cpp_build/build/pyc_tb
[pyc] sim(example-nightly) example_boundary_value_ports: /Users/zhoubot/pyCircuit/designs/examples/boundary_value_ports/tb_boundary_value_ports.py
[pyc] run(cpp) example_boundary_value_ports: /Users/zhoubot/pyCircuit/.pycircuit_out/sim_nightly/example_boundary_value_ports/cpp_build/build/pyc_tb
[pyc] sim(example-nightly) example_bundle_probe_expand: /Users/zhoubot/pyCircuit/designs/examples/bundle_probe_expand/tb_bundle_probe_expand.py
[pyc] run(cpp) example_bundle_probe_expand: /Users/zhoubot/pyCircuit/.pycircuit_out/sim_nightly/example_bundle_probe_expand/cpp_build/build/pyc_tb
[pyc] sim(example-nightly) example_cache_params: /Users/zhoubot/pyCircuit/designs/examples/cache_params/tb_cache_params.py
[pyc] run(cpp) example_cache_params: /Users/zhoubot/pyCircuit/.pycircuit_out/sim_nightly/example_cache_params/cpp_build/build/pyc_tb
[pyc] sim(example-nightly) example_calculator: /Users/zhoubot/pyCircuit/designs/examples/calculator/tb_calculator.py
[pyc] run(cpp) example_calculator: /Users/zhoubot/pyCircuit/.pycircuit_out/sim_nightly/example_calculator/cpp_build/build/pyc_tb
[pyc] sim(example-nightly) example_counter: /Users/zhoubot/pyCircuit/designs/examples/counter/tb_counter.py
[pyc] run(cpp) example_counter: /Users/zhoubot/pyCircuit/.pycircuit_out/sim_nightly/example_counter/cpp_build/build/pyc_tb
[pyc] sim(example-nightly) example_decode_rules: /Users/zhoubot/pyCircuit/designs/examples/decode_rules/tb_decode_rules.py
[pyc] run(cpp) example_decode_rules: /Users/zhoubot/pyCircuit/.pycircuit_out/sim_nightly/example_decode_rules/cpp_build/build/pyc_tb
[pyc] sim(example-nightly) example_digital_clock: /Users/zhoubot/pyCircuit/designs/examples/digital_clock/tb_digital_clock.py
[pyc] run(cpp) example_digital_clock: /Users/zhoubot/pyCircuit/.pycircuit_out/sim_nightly/example_digital_clock/cpp_build/build/pyc_tb
[pyc] sim(example-nightly) example_fastfwd: /Users/zhoubot/pyCircuit/designs/examples/fastfwd/tb_fastfwd.py
[pyc] run(cpp) example_fastfwd: /Users/zhoubot/pyCircuit/.pycircuit_out/sim_nightly/example_fastfwd/cpp_build/build/pyc_tb
[pyc] sim(example-nightly) example_fifo_loopback: /Users/zhoubot/pyCircuit/designs/examples/fifo_loopback/tb_fifo_loopback.py
[pyc] run(cpp) example_fifo_loopback: /Users/zhoubot/pyCircuit/.pycircuit_out/sim_nightly/example_fifo_loopback/cpp_build/build/pyc_tb
[pyc] sim(example-nightly) example_hier_modules: /Users/zhoubot/pyCircuit/designs/examples/hier_modules/tb_hier_modules.py
[pyc] run(cpp) example_hier_modules: /Users/zhoubot/pyCircuit/.pycircuit_out/sim_nightly/example_hier_modules/cpp_build/build/pyc_tb
[pyc] sim(example-nightly) example_huge_hierarchy_stress: /Users/zhoubot/pyCircuit/designs/examples/huge_hierarchy_stress/tb_huge_hierarchy_stress.py
[pyc] run(cpp) example_huge_hierarchy_stress: /Users/zhoubot/pyCircuit/.pycircuit_out/sim_nightly/example_huge_hierarchy_stress/cpp_build/build/pyc_tb
[pyc] sim(example-nightly) example_instance_map: /Users/zhoubot/pyCircuit/designs/examples/instance_map/tb_instance_map.py
[pyc] run(cpp) example_instance_map: /Users/zhoubot/pyCircuit/.pycircuit_out/sim_nightly/example_instance_map/cpp_build/build/pyc_tb
[pyc] sim(example-nightly) example_interface_wiring: /Users/zhoubot/pyCircuit/designs/examples/interface_wiring/tb_interface_wiring.py
[pyc] run(cpp) example_interface_wiring: /Users/zhoubot/pyCircuit/.pycircuit_out/sim_nightly/example_interface_wiring/cpp_build/build/pyc_tb
[pyc] sim(example-nightly) example_issue_queue_2picker: /Users/zhoubot/pyCircuit/designs/examples/issue_queue_2picker/tb_issue_queue_2picker.py
[pyc] run(cpp) example_issue_queue_2picker: /Users/zhoubot/pyCircuit/.pycircuit_out/sim_nightly/example_issue_queue_2picker/cpp_build/build/pyc_tb
[pyc] sim(example-nightly) example_jit_control_flow: /Users/zhoubot/pyCircuit/designs/examples/jit_control_flow/tb_jit_control_flow.py
[pyc] run(cpp) example_jit_control_flow: /Users/zhoubot/pyCircuit/.pycircuit_out/sim_nightly/example_jit_control_flow/cpp_build/build/pyc_tb
[pyc] sim(example-nightly) example_jit_pipeline_vec: /Users/zhoubot/pyCircuit/designs/examples/jit_pipeline_vec/tb_jit_pipeline_vec.py
[pyc] run(cpp) example_jit_pipeline_vec: /Users/zhoubot/pyCircuit/.pycircuit_out/sim_nightly/example_jit_pipeline_vec/cpp_build/build/pyc_tb
[pyc] sim(example-nightly) example_mem_rdw_olddata: /Users/zhoubot/pyCircuit/designs/examples/mem_rdw_olddata/tb_mem_rdw_olddata.py
[pyc] run(cpp) example_mem_rdw_olddata: /Users/zhoubot/pyCircuit/.pycircuit_out/sim_nightly/example_mem_rdw_olddata/cpp_build/build/pyc_tb
[pyc] sim(example-nightly) example_module_collection: /Users/zhoubot/pyCircuit/designs/examples/module_collection/tb_module_collection.py
[pyc] run(cpp) example_module_collection: /Users/zhoubot/pyCircuit/.pycircuit_out/sim_nightly/example_module_collection/cpp_build/build/pyc_tb
[pyc] sim(example-nightly) example_multiclock_regs: /Users/zhoubot/pyCircuit/designs/examples/multiclock_regs/tb_multiclock_regs.py
[pyc] run(cpp) example_multiclock_regs: /Users/zhoubot/pyCircuit/.pycircuit_out/sim_nightly/example_multiclock_regs/cpp_build/build/pyc_tb
[pyc] sim(example-nightly) example_net_resolution_depth_smoke: /Users/zhoubot/pyCircuit/designs/examples/net_resolution_depth_smoke/tb_net_resolution_depth_smoke.py
[pyc] run(cpp) example_net_resolution_depth_smoke: /Users/zhoubot/pyCircuit/.pycircuit_out/sim_nightly/example_net_resolution_depth_smoke/cpp_build/build/pyc_tb
[pyc] sim(example-nightly) example_obs_points: /Users/zhoubot/pyCircuit/designs/examples/obs_points/tb_obs_points.py
[pyc] run(cpp) example_obs_points: /Users/zhoubot/pyCircuit/.pycircuit_out/sim_nightly/example_obs_points/cpp_build/build/pyc_tb
[pyc] sim(example-nightly) example_pipeline_builder: /Users/zhoubot/pyCircuit/designs/examples/pipeline_builder/tb_pipeline_builder.py
[pyc] run(cpp) example_pipeline_builder: /Users/zhoubot/pyCircuit/.pycircuit_out/sim_nightly/example_pipeline_builder/cpp_build/build/pyc_tb
[pyc] sim(example-nightly) example_reset_invalidate_order_smoke: /Users/zhoubot/pyCircuit/designs/examples/reset_invalidate_order_smoke/tb_reset_invalidate_order_smoke.py
[pyc] run(cpp) example_reset_invalidate_order_smoke: /Users/zhoubot/pyCircuit/.pycircuit_out/sim_nightly/example_reset_invalidate_order_smoke/cpp_build/build/pyc_tb
[pyc] sim(example-nightly) example_struct_transform: /Users/zhoubot/pyCircuit/designs/examples/struct_transform/tb_struct_transform.py
[pyc] run(cpp) example_struct_transform: /Users/zhoubot/pyCircuit/.pycircuit_out/sim_nightly/example_struct_transform/cpp_build/build/pyc_tb
[pyc] sim(example-nightly) example_sync_mem_init_zero: /Users/zhoubot/pyCircuit/designs/examples/sync_mem_init_zero/tb_sync_mem_init_zero.py
[pyc] run(cpp) example_sync_mem_init_zero: /Users/zhoubot/pyCircuit/.pycircuit_out/sim_nightly/example_sync_mem_init_zero/cpp_build/build/pyc_tb
[pyc] sim(example-nightly) example_trace_dsl_smoke: /Users/zhoubot/pyCircuit/designs/examples/trace_dsl_smoke/tb_trace_dsl_smoke.py
[pyc] run(cpp) example_trace_dsl_smoke: /Users/zhoubot/pyCircuit/.pycircuit_out/sim_nightly/example_trace_dsl_smoke/cpp_build/build/pyc_tb
[pyc] sim(example-nightly) example_wire_ops: /Users/zhoubot/pyCircuit/designs/examples/wire_ops/tb_wire_ops.py
[pyc] run(cpp) example_wire_ops: /Users/zhoubot/pyCircuit/.pycircuit_out/sim_nightly/example_wire_ops/cpp_build/build/pyc_tb
[pyc] sim(example-nightly) example_xz_value_model_smoke: /Users/zhoubot/pyCircuit/designs/examples/xz_value_model_smoke/tb_xz_value_model_smoke.py
[pyc] run(cpp) example_xz_value_model_smoke: /Users/zhoubot/pyCircuit/.pycircuit_out/sim_nightly/example_xz_value_model_smoke/cpp_build/build/pyc_tb
[pyc] sim(non-example) issq: /Users/zhoubot/pyCircuit/designs/IssueQueue/tb_issq.py
[pyc] sim(non-example) regfile: /Users/zhoubot/pyCircuit/designs/RegisterFile/tb_regfile.py
[pyc] sim(non-example) bypass_unit: /Users/zhoubot/pyCircuit/designs/BypassUnit/tb_bypass_unit.py
[pyc] all nightly sims passed
