cycle 0: 5 value-change events, 2 write events
  - (tick) WRITE[reg] dut:dbg__value_smoke_q_lane0_smoke data=0x12
  - (tick) WRITE[reg] dut:y data=0x12
  - (comb) dut:clk = 0x0 known=0x1 z=0x0
  - (comb) dut:in_a = 0x12 known=0xff z=0x0
  - (comb) dut:rst = 0x0 known=0x1 z=0x0
  - (commit) dut:dbg__value_smoke_q_lane0_smoke = 0x12 known=0xff z=0x0
  - (commit) dut:y = 0x12 known=0xff z=0x0
  - (tick) RESET_ASSERT domain=global kind=warm
  - (tick) INVALIDATE domain=global scope=global reason=warm_reset text=tb.reset
cycle 1: 3 value-change events, 2 write events
  - (tick) WRITE[reg] dut:dbg__value_smoke_q_lane0_smoke data=0x56
  - (tick) WRITE[reg] dut:y data=0x56
  - (comb) dut:in_a = 0x56 known=0xff z=0x0
  - (commit) dut:dbg__value_smoke_q_lane0_smoke = 0x56 known=0xff z=0x0
  - (commit) dut:y = 0x56 known=0xff z=0x0
  - (tick) RESET_DEASSERT domain=global kind=warm
cycle 2: 0 value-change events, 2 write events
  - (tick) WRITE[reg] dut:dbg__value_smoke_q_lane0_smoke data=0x56
  - (tick) WRITE[reg] dut:y data=0x56
