cycle 0: 5 value-change events, 2 write events
  - (tick) WRITE[reg] dut:dbg__reset_order_q_lane0_order data=0x1
  - (tick) WRITE[reg] dut:y data=0x1
  - (comb) dut:clk = 0x0 known=0x1 z=0x0
  - (comb) dut:en = 0x1 known=0x1 z=0x0
  - (comb) dut:rst = 0x0 known=0x1 z=0x0
  - (commit) dut:dbg__reset_order_q_lane0_order = 0x1 known=0xff z=0x0
  - (commit) dut:y = 0x1 known=0xff z=0x0
  - (tick) RESET_ASSERT domain=global kind=warm
  - (tick) INVALIDATE domain=global scope=global reason=warm_reset text=tb.reset
cycle 1: 2 value-change events, 2 write events
  - (tick) WRITE[reg] dut:dbg__reset_order_q_lane0_order data=0x2
  - (tick) WRITE[reg] dut:y data=0x2
  - (commit) dut:dbg__reset_order_q_lane0_order = 0x2 known=0xff z=0x0
  - (commit) dut:y = 0x2 known=0xff z=0x0
  - (tick) RESET_DEASSERT domain=global kind=warm
cycle 2: 2 value-change events, 2 write events
  - (tick) WRITE[reg] dut:dbg__reset_order_q_lane0_order data=0x3
  - (tick) WRITE[reg] dut:y data=0x3
  - (commit) dut:dbg__reset_order_q_lane0_order = 0x3 known=0xff z=0x0
  - (commit) dut:y = 0x3 known=0xff z=0x0
