jit-cache: miss
/Users/zhoubot/pyCircuit/.pycircuit_out/sim_nightly/example_huge_hierarchy_stress/cpp_build/src/CMakeLists.txt
-- The CXX compiler identification is AppleClang 17.0.0.17000604
-- Detecting CXX compiler ABI info
-- Detecting CXX compiler ABI info - done
-- Check for working CXX compiler: /usr/bin/c++ - skipped
-- Detecting CXX compile features
-- Detecting CXX compile features - done
-- Configuring done (0.3s)
-- Generating done (0.0s)
-- Build files have been written to: /Users/zhoubot/pyCircuit/.pycircuit_out/sim_nightly/example_huge_hierarchy_stress/cpp_build/build
[1/10] Building CXX object CMakeFiles/pyc4_runtime.dir/Users/zhoubot/pyCircuit/runtime/cpp/pyc_runtime.cpp.o
[2/10] Building CXX object CMakeFiles/pyc_tb.dir/Users/zhoubot/pyCircuit/.pycircuit_out/sim_nightly/example_huge_hierarchy_stress/device/cpp/_leaf__p3050d8d2/_leaf__p3050d8d2.cpp.o
[3/10] Building CXX object CMakeFiles/pyc_tb.dir/Users/zhoubot/pyCircuit/.pycircuit_out/sim_nightly/example_huge_hierarchy_stress/device/cpp/_node__p000004ac/_node__p000004ac.cpp.o
[4/10] Building CXX object CMakeFiles/pyc_tb.dir/Users/zhoubot/pyCircuit/.pycircuit_out/sim_nightly/example_huge_hierarchy_stress/device/cpp/_node__pa6be56a0/_node__pa6be56a0.cpp.o
[5/10] Building CXX object CMakeFiles/pyc_tb.dir/Users/zhoubot/pyCircuit/.pycircuit_out/sim_nightly/example_huge_hierarchy_stress/device/cpp/Cache__p9fc49ca4/Cache__p9fc49ca4.cpp.o
[6/10] Linking CXX static library libpyc4_runtime.a
[7/10] Building CXX object CMakeFiles/pyc_tb.dir/Users/zhoubot/pyCircuit/.pycircuit_out/sim_nightly/example_huge_hierarchy_stress/device/cpp/_node__pc6a3f36c/_node__pc6a3f36c.cpp.o
[8/10] Building CXX object CMakeFiles/pyc_tb.dir/Users/zhoubot/pyCircuit/.pycircuit_out/sim_nightly/example_huge_hierarchy_stress/device/cpp/huge_hierarchy_stress/huge_hierarchy_stress.cpp.o
[9/10] Building CXX object CMakeFiles/pyc_tb.dir/Users/zhoubot/pyCircuit/.pycircuit_out/sim_nightly/example_huge_hierarchy_stress/tb/tb_huge_hierarchy_stress.cpp.o
[10/10] Linking CXX executable pyc_tb
OK
- /Users/zhoubot/pyCircuit/.pycircuit_out/sim_nightly/example_huge_hierarchy_stress/tb/tb_huge_hierarchy_stress.sv:59: Verilog $finish
- S i m u l a t i o n   R e p o r t: Verilator 5.044 2026-01-01
- Verilator: $finish at 41ns; walltime 0.000 s; speed 445.652 us/s
- Verilator: cpu 0.000 s on 1 threads; alloced 2 MB
/Users/zhoubot/pyCircuit/.pycircuit_out/sim_nightly/example_huge_hierarchy_stress/project_manifest.json
