jit-cache: miss
/Users/zhoubot/pyCircuit/.pycircuit_out/sim/example_interface_wiring/cpp_build/src/CMakeLists.txt
-- The CXX compiler identification is AppleClang 17.0.0.17000604
-- Detecting CXX compiler ABI info
-- Detecting CXX compiler ABI info - done
-- Check for working CXX compiler: /usr/bin/c++ - skipped
-- Detecting CXX compile features
-- Detecting CXX compile features - done
-- Configuring done (0.4s)
-- Generating done (0.0s)
-- Build files have been written to: /Users/zhoubot/pyCircuit/.pycircuit_out/sim/example_interface_wiring/cpp_build/build
[1/6] Building CXX object CMakeFiles/pyc4_runtime.dir/Users/zhoubot/pyCircuit/runtime/cpp/pyc_runtime.cpp.o
[2/6] Linking CXX static library libpyc4_runtime.a
[3/6] Building CXX object CMakeFiles/pyc_tb.dir/Users/zhoubot/pyCircuit/.pycircuit_out/sim/example_interface_wiring/device/cpp/pair_add__p2e894d48/pair_add__p2e894d48.cpp.o
[4/6] Building CXX object CMakeFiles/pyc_tb.dir/Users/zhoubot/pyCircuit/.pycircuit_out/sim/example_interface_wiring/device/cpp/interface_wiring/interface_wiring.cpp.o
[5/6] Building CXX object CMakeFiles/pyc_tb.dir/Users/zhoubot/pyCircuit/.pycircuit_out/sim/example_interface_wiring/tb/tb_interface_wiring.cpp.o
[6/6] Linking CXX executable pyc_tb
OK
- /Users/zhoubot/pyCircuit/.pycircuit_out/sim/example_interface_wiring/tb/tb_interface_wiring.sv:53: Verilog $finish
- S i m u l a t i o n   R e p o r t: Verilator 5.044 2026-01-01
- Verilator: $finish at 2ns; walltime 0.000 s; speed 105.263 us/s
- Verilator: cpu 0.000 s on 1 threads; alloced 1 MB
/Users/zhoubot/pyCircuit/.pycircuit_out/sim/example_interface_wiring/project_manifest.json
