jit-cache: miss
/Users/zhoubot/pyCircuit/.pycircuit_out/sim_nightly/example_pipeline_builder/cpp_build/src/CMakeLists.txt
-- The CXX compiler identification is AppleClang 17.0.0.17000604
-- Detecting CXX compiler ABI info
-- Detecting CXX compiler ABI info - done
-- Check for working CXX compiler: /usr/bin/c++ - skipped
-- Detecting CXX compile features
-- Detecting CXX compile features - done
-- Configuring done (0.3s)
-- Generating done (0.0s)
-- Build files have been written to: /Users/zhoubot/pyCircuit/.pycircuit_out/sim_nightly/example_pipeline_builder/cpp_build/build
[1/5] Building CXX object CMakeFiles/pyc4_runtime.dir/Users/zhoubot/pyCircuit/runtime/cpp/pyc_runtime.cpp.o
[2/5] Linking CXX static library libpyc4_runtime.a
[3/5] Building CXX object CMakeFiles/pyc_tb.dir/Users/zhoubot/pyCircuit/.pycircuit_out/sim_nightly/example_pipeline_builder/device/cpp/pipeline_builder/pipeline_builder.cpp.o
[4/5] Building CXX object CMakeFiles/pyc_tb.dir/Users/zhoubot/pyCircuit/.pycircuit_out/sim_nightly/example_pipeline_builder/tb/tb_pipeline_builder.cpp.o
[5/5] Linking CXX executable pyc_tb
OK
- /Users/zhoubot/pyCircuit/.pycircuit_out/sim_nightly/example_pipeline_builder/tb/tb_pipeline_builder.sv:70: Verilog $finish
- S i m u l a t i o n   R e p o r t: Verilator 5.044 2026-01-01
- Verilator: $finish at 13ns; walltime 0.000 s; speed 565.217 us/s
- Verilator: cpu 0.000 s on 1 threads; alloced 1 MB
/Users/zhoubot/pyCircuit/.pycircuit_out/sim_nightly/example_pipeline_builder/project_manifest.json
