OK
OK
OK
OK
OK
OK
OK
OK
OK
OK
OK
OK
OK
OK
OK
OK
OK
%Warning-BLKSEQ: /Users/zhoubot/pyCircuit/.pycircuit_out/sim_nightly/example_mem_rdw_olddata/device/verilog/mem_rdw_olddata/pyc_primitives.v:294:19: Blocking assignment '=' in sequential logic process
                                                                                                                                                   : ... note: In instance 'tb_mem_rdw_olddata.dut.mem0'
                                                                                                                                                   : ... Suggest using delayed assignment '<='
  294 |           rd_word = mem[ra];
      |                   ^
                 ... For warning description see https://verilator.org/warn/BLKSEQ?v=5.044
                 ... Use "/* verilator lint_off BLKSEQ */" and lint_on around source to disable this message.
OK
OK
OK
OK
OK
OK
%Warning-BLKSEQ: /Users/zhoubot/pyCircuit/.pycircuit_out/sim_nightly/example_sync_mem_init_zero/device/verilog/sync_mem_init_zero/pyc_primitives.v:294:19: Blocking assignment '=' in sequential logic process
                                                                                                                                                         : ... note: In instance 'tb_sync_mem_init_zero.dut.mem0'
                                                                                                                                                         : ... Suggest using delayed assignment '<='
  294 |           rd_word = mem[ra];
      |                   ^
                 ... For warning description see https://verilator.org/warn/BLKSEQ?v=5.044
                 ... Use "/* verilator lint_off BLKSEQ */" and lint_on around source to disable this message.
OK
OK
OK
