[pyc] using pycc: /Users/zhoubot/pyCircuit/build/bin/pycc
[pyc] sim(example) example_arith: /Users/zhoubot/pyCircuit/designs/examples/arith/tb_arith.py
jit-cache: miss
/Users/zhoubot/pyCircuit/.pycircuit_out/sim/example_arith/cpp_build/src/CMakeLists.txt
-- The CXX compiler identification is AppleClang 17.0.0.17000604
-- Detecting CXX compiler ABI info
-- Detecting CXX compiler ABI info - done
-- Check for working CXX compiler: /usr/bin/c++ - skipped
-- Detecting CXX compile features
-- Detecting CXX compile features - done
-- Configuring done (0.3s)
-- Generating done (0.0s)
-- Build files have been written to: /Users/zhoubot/pyCircuit/.pycircuit_out/sim/example_arith/cpp_build/build
[1/5] Building CXX object CMakeFiles/pyc4_runtime.dir/Users/zhoubot/pyCircuit/runtime/cpp/pyc_runtime.cpp.o
[2/5] Linking CXX static library libpyc4_runtime.a
[3/5] Building CXX object CMakeFiles/pyc_tb.dir/Users/zhoubot/pyCircuit/.pycircuit_out/sim/example_arith/device/cpp/arith/arith.cpp.o
[4/5] Building CXX object CMakeFiles/pyc_tb.dir/Users/zhoubot/pyCircuit/.pycircuit_out/sim/example_arith/tb/tb_arith.cpp.o
[5/5] Linking CXX executable pyc_tb
OK
- /Users/zhoubot/pyCircuit/.pycircuit_out/sim/example_arith/tb/tb_arith.sv:56: Verilog $finish
- S i m u l a t i o n   R e p o r t: Verilator 5.044 2026-01-01
- Verilator: $finish at 2ns; walltime 0.000 s; speed 100.000 us/s
- Verilator: cpu 0.000 s on 1 threads; alloced 1 MB
/Users/zhoubot/pyCircuit/.pycircuit_out/sim/example_arith/project_manifest.json
[pyc] run(cpp) example_arith: /Users/zhoubot/pyCircuit/.pycircuit_out/sim/example_arith/cpp_build/build/pyc_tb
[pyc] sim(example) example_boundary_value_ports: /Users/zhoubot/pyCircuit/designs/examples/boundary_value_ports/tb_boundary_value_ports.py
jit-cache: miss
/Users/zhoubot/pyCircuit/.pycircuit_out/sim/example_boundary_value_ports/cpp_build/src/CMakeLists.txt
-- The CXX compiler identification is AppleClang 17.0.0.17000604
-- Detecting CXX compiler ABI info
-- Detecting CXX compiler ABI info - done
-- Check for working CXX compiler: /usr/bin/c++ - skipped
-- Detecting CXX compile features
-- Detecting CXX compile features - done
-- Configuring done (0.3s)
-- Generating done (0.0s)
-- Build files have been written to: /Users/zhoubot/pyCircuit/.pycircuit_out/sim/example_boundary_value_ports/cpp_build/build
[1/6] Building CXX object CMakeFiles/pyc4_runtime.dir/Users/zhoubot/pyCircuit/runtime/cpp/pyc_runtime.cpp.o
[2/6] Linking CXX static library libpyc4_runtime.a
[3/6] Building CXX object CMakeFiles/pyc_tb.dir/Users/zhoubot/pyCircuit/.pycircuit_out/sim/example_boundary_value_ports/device/cpp/_lane__p345b2163/_lane__p345b2163.cpp.o
[4/6] Building CXX object CMakeFiles/pyc_tb.dir/Users/zhoubot/pyCircuit/.pycircuit_out/sim/example_boundary_value_ports/device/cpp/boundary_value_ports/boundary_value_ports.cpp.o
[5/6] Building CXX object CMakeFiles/pyc_tb.dir/Users/zhoubot/pyCircuit/.pycircuit_out/sim/example_boundary_value_ports/tb/tb_boundary_value_ports.cpp.o
[6/6] Linking CXX executable pyc_tb
OK
- /Users/zhoubot/pyCircuit/.pycircuit_out/sim/example_boundary_value_ports/tb/tb_boundary_value_ports.sv:46: Verilog $finish
- S i m u l a t i o n   R e p o r t: Verilator 5.044 2026-01-01
- Verilator: $finish at 2ns; walltime 0.000 s; speed 86.957 us/s
- Verilator: cpu 0.000 s on 1 threads; alloced 2 MB
/Users/zhoubot/pyCircuit/.pycircuit_out/sim/example_boundary_value_ports/project_manifest.json
[pyc] run(cpp) example_boundary_value_ports: /Users/zhoubot/pyCircuit/.pycircuit_out/sim/example_boundary_value_ports/cpp_build/build/pyc_tb
[pyc] sim(example) example_bundle_probe_expand: /Users/zhoubot/pyCircuit/designs/examples/bundle_probe_expand/tb_bundle_probe_expand.py
jit-cache: miss
/Users/zhoubot/pyCircuit/.pycircuit_out/sim/example_bundle_probe_expand/cpp_build/src/CMakeLists.txt
-- The CXX compiler identification is AppleClang 17.0.0.17000604
-- Detecting CXX compiler ABI info
-- Detecting CXX compiler ABI info - done
-- Check for working CXX compiler: /usr/bin/c++ - skipped
-- Detecting CXX compile features
-- Detecting CXX compile features - done
-- Configuring done (0.3s)
-- Generating done (0.0s)
-- Build files have been written to: /Users/zhoubot/pyCircuit/.pycircuit_out/sim/example_bundle_probe_expand/cpp_build/build
[1/5] Building CXX object CMakeFiles/pyc4_runtime.dir/Users/zhoubot/pyCircuit/runtime/cpp/pyc_runtime.cpp.o
[2/5] Linking CXX static library libpyc4_runtime.a
[3/5] Building CXX object CMakeFiles/pyc_tb.dir/Users/zhoubot/pyCircuit/.pycircuit_out/sim/example_bundle_probe_expand/device/cpp/bundle_probe_expand/bundle_probe_expand.cpp.o
[4/5] Building CXX object CMakeFiles/pyc_tb.dir/Users/zhoubot/pyCircuit/.pycircuit_out/sim/example_bundle_probe_expand/tb/tb_bundle_probe_expand.cpp.o
[5/5] Linking CXX executable pyc_tb
OK
- /Users/zhoubot/pyCircuit/.pycircuit_out/sim/example_bundle_probe_expand/tb/tb_bundle_probe_expand.sv:88: Verilog $finish
- S i m u l a t i o n   R e p o r t: Verilator 5.044 2026-01-01
- Verilator: $finish at 11ns; walltime 0.000 s; speed 46.610 us/s
- Verilator: cpu 0.000 s on 1 threads; alloced 2 MB
/Users/zhoubot/pyCircuit/.pycircuit_out/sim/example_bundle_probe_expand/project_manifest.json
[pyc] run(cpp) example_bundle_probe_expand: /Users/zhoubot/pyCircuit/.pycircuit_out/sim/example_bundle_probe_expand/cpp_build/build/pyc_tb
ok: pyctrace binary trace emitted (schema v2, external-manifest mode)
[pyc] sim(example) example_cache_params: /Users/zhoubot/pyCircuit/designs/examples/cache_params/tb_cache_params.py
jit-cache: miss
/Users/zhoubot/pyCircuit/.pycircuit_out/sim/example_cache_params/cpp_build/src/CMakeLists.txt
-- The CXX compiler identification is AppleClang 17.0.0.17000604
-- Detecting CXX compiler ABI info
-- Detecting CXX compiler ABI info - done
-- Check for working CXX compiler: /usr/bin/c++ - skipped
-- Detecting CXX compile features
-- Detecting CXX compile features - done
-- Configuring done (0.3s)
-- Generating done (0.0s)
-- Build files have been written to: /Users/zhoubot/pyCircuit/.pycircuit_out/sim/example_cache_params/cpp_build/build
[1/5] Building CXX object CMakeFiles/pyc4_runtime.dir/Users/zhoubot/pyCircuit/runtime/cpp/pyc_runtime.cpp.o
[2/5] Linking CXX static library libpyc4_runtime.a
[3/5] Building CXX object CMakeFiles/pyc_tb.dir/Users/zhoubot/pyCircuit/.pycircuit_out/sim/example_cache_params/device/cpp/cache_params/cache_params.cpp.o
[4/5] Building CXX object CMakeFiles/pyc_tb.dir/Users/zhoubot/pyCircuit/.pycircuit_out/sim/example_cache_params/tb/tb_cache_params.cpp.o
[5/5] Linking CXX executable pyc_tb
OK
- /Users/zhoubot/pyCircuit/.pycircuit_out/sim/example_cache_params/tb/tb_cache_params.sv:52: Verilog $finish
- S i m u l a t i o n   R e p o r t: Verilator 5.044 2026-01-01
- Verilator: $finish at 2ns; walltime 0.000 s; speed 90.909 us/s
- Verilator: cpu 0.000 s on 1 threads; alloced 1 MB
/Users/zhoubot/pyCircuit/.pycircuit_out/sim/example_cache_params/project_manifest.json
[pyc] run(cpp) example_cache_params: /Users/zhoubot/pyCircuit/.pycircuit_out/sim/example_cache_params/cpp_build/build/pyc_tb
[pyc] sim(example) example_calculator: /Users/zhoubot/pyCircuit/designs/examples/calculator/tb_calculator.py
jit-cache: miss
/Users/zhoubot/pyCircuit/.pycircuit_out/sim/example_calculator/cpp_build/src/CMakeLists.txt
-- The CXX compiler identification is AppleClang 17.0.0.17000604
-- Detecting CXX compiler ABI info
-- Detecting CXX compiler ABI info - done
-- Check for working CXX compiler: /usr/bin/c++ - skipped
-- Detecting CXX compile features
-- Detecting CXX compile features - done
-- Configuring done (0.3s)
-- Generating done (0.0s)
-- Build files have been written to: /Users/zhoubot/pyCircuit/.pycircuit_out/sim/example_calculator/cpp_build/build
[1/5] Building CXX object CMakeFiles/pyc4_runtime.dir/Users/zhoubot/pyCircuit/runtime/cpp/pyc_runtime.cpp.o
[2/5] Linking CXX static library libpyc4_runtime.a
[3/5] Building CXX object CMakeFiles/pyc_tb.dir/Users/zhoubot/pyCircuit/.pycircuit_out/sim/example_calculator/device/cpp/calculator/calculator.cpp.o
[4/5] Building CXX object CMakeFiles/pyc_tb.dir/Users/zhoubot/pyCircuit/.pycircuit_out/sim/example_calculator/tb/tb_calculator.cpp.o
[5/5] Linking CXX executable pyc_tb
OK
- /Users/zhoubot/pyCircuit/.pycircuit_out/sim/example_calculator/tb/tb_calculator.sv:70: Verilog $finish
- S i m u l a t i o n   R e p o r t: Verilator 5.044 2026-01-01
- Verilator: $finish at 11ns; walltime 0.000 s; speed 440.000 us/s
- Verilator: cpu 0.000 s on 1 threads; alloced 2 MB
/Users/zhoubot/pyCircuit/.pycircuit_out/sim/example_calculator/project_manifest.json
[pyc] run(cpp) example_calculator: /Users/zhoubot/pyCircuit/.pycircuit_out/sim/example_calculator/cpp_build/build/pyc_tb
[pyc] sim(example) example_counter: /Users/zhoubot/pyCircuit/designs/examples/counter/tb_counter.py
jit-cache: miss
/Users/zhoubot/pyCircuit/.pycircuit_out/sim/example_counter/cpp_build/src/CMakeLists.txt
-- The CXX compiler identification is AppleClang 17.0.0.17000604
-- Detecting CXX compiler ABI info
-- Detecting CXX compiler ABI info - done
-- Check for working CXX compiler: /usr/bin/c++ - skipped
-- Detecting CXX compile features
-- Detecting CXX compile features - done
-- Configuring done (0.3s)
-- Generating done (0.0s)
-- Build files have been written to: /Users/zhoubot/pyCircuit/.pycircuit_out/sim/example_counter/cpp_build/build
[1/5] Building CXX object CMakeFiles/pyc4_runtime.dir/Users/zhoubot/pyCircuit/runtime/cpp/pyc_runtime.cpp.o
[2/5] Linking CXX static library libpyc4_runtime.a
[3/5] Building CXX object CMakeFiles/pyc_tb.dir/Users/zhoubot/pyCircuit/.pycircuit_out/sim/example_counter/device/cpp/counter/counter.cpp.o
[4/5] Building CXX object CMakeFiles/pyc_tb.dir/Users/zhoubot/pyCircuit/.pycircuit_out/sim/example_counter/tb/tb_counter.cpp.o
[5/5] Linking CXX executable pyc_tb
OK
- /Users/zhoubot/pyCircuit/.pycircuit_out/sim/example_counter/tb/tb_counter.sv:76: Verilog $finish
- S i m u l a t i o n   R e p o r t: Verilator 5.044 2026-01-01
- Verilator: $finish at 17ns; walltime 0.000 s; speed 629.630 us/s
- Verilator: cpu 0.000 s on 1 threads; alloced 1 MB
/Users/zhoubot/pyCircuit/.pycircuit_out/sim/example_counter/project_manifest.json
[pyc] run(cpp) example_counter: /Users/zhoubot/pyCircuit/.pycircuit_out/sim/example_counter/cpp_build/build/pyc_tb
[pyc] sim(example) example_decode_rules: /Users/zhoubot/pyCircuit/designs/examples/decode_rules/tb_decode_rules.py
jit-cache: miss
/Users/zhoubot/pyCircuit/.pycircuit_out/sim/example_decode_rules/cpp_build/src/CMakeLists.txt
-- The CXX compiler identification is AppleClang 17.0.0.17000604
-- Detecting CXX compiler ABI info
-- Detecting CXX compiler ABI info - done
-- Check for working CXX compiler: /usr/bin/c++ - skipped
-- Detecting CXX compile features
-- Detecting CXX compile features - done
-- Configuring done (0.3s)
-- Generating done (0.0s)
-- Build files have been written to: /Users/zhoubot/pyCircuit/.pycircuit_out/sim/example_decode_rules/cpp_build/build
[1/5] Building CXX object CMakeFiles/pyc4_runtime.dir/Users/zhoubot/pyCircuit/runtime/cpp/pyc_runtime.cpp.o
[2/5] Linking CXX static library libpyc4_runtime.a
[3/5] Building CXX object CMakeFiles/pyc_tb.dir/Users/zhoubot/pyCircuit/.pycircuit_out/sim/example_decode_rules/device/cpp/decode_rules/decode_rules.cpp.o
[4/5] Building CXX object CMakeFiles/pyc_tb.dir/Users/zhoubot/pyCircuit/.pycircuit_out/sim/example_decode_rules/tb/tb_decode_rules.cpp.o
[5/5] Linking CXX executable pyc_tb
OK
- /Users/zhoubot/pyCircuit/.pycircuit_out/sim/example_decode_rules/tb/tb_decode_rules.sv:49: Verilog $finish
- S i m u l a t i o n   R e p o r t: Verilator 5.044 2026-01-01
- Verilator: $finish at 2ns; walltime 0.000 s; speed 86.957 us/s
- Verilator: cpu 0.000 s on 1 threads; alloced 1 MB
/Users/zhoubot/pyCircuit/.pycircuit_out/sim/example_decode_rules/project_manifest.json
[pyc] run(cpp) example_decode_rules: /Users/zhoubot/pyCircuit/.pycircuit_out/sim/example_decode_rules/cpp_build/build/pyc_tb
[pyc] sim(example) example_digital_clock: /Users/zhoubot/pyCircuit/designs/examples/digital_clock/tb_digital_clock.py
jit-cache: miss
/Users/zhoubot/pyCircuit/.pycircuit_out/sim/example_digital_clock/cpp_build/src/CMakeLists.txt
-- The CXX compiler identification is AppleClang 17.0.0.17000604
-- Detecting CXX compiler ABI info
-- Detecting CXX compiler ABI info - done
-- Check for working CXX compiler: /usr/bin/c++ - skipped
-- Detecting CXX compile features
-- Detecting CXX compile features - done
-- Configuring done (0.3s)
-- Generating done (0.0s)
-- Build files have been written to: /Users/zhoubot/pyCircuit/.pycircuit_out/sim/example_digital_clock/cpp_build/build
[1/5] Building CXX object CMakeFiles/pyc4_runtime.dir/Users/zhoubot/pyCircuit/runtime/cpp/pyc_runtime.cpp.o
[2/5] Linking CXX static library libpyc4_runtime.a
[3/5] Building CXX object CMakeFiles/pyc_tb.dir/Users/zhoubot/pyCircuit/.pycircuit_out/sim/example_digital_clock/device/cpp/digital_clock/digital_clock.cpp.o
[4/5] Building CXX object CMakeFiles/pyc_tb.dir/Users/zhoubot/pyCircuit/.pycircuit_out/sim/example_digital_clock/tb/tb_digital_clock.cpp.o
[5/5] Linking CXX executable pyc_tb
OK
- /Users/zhoubot/pyCircuit/.pycircuit_out/sim/example_digital_clock/tb/tb_digital_clock.sv:80: Verilog $finish
- S i m u l a t i o n   R e p o r t: Verilator 5.044 2026-01-01
- Verilator: $finish at 11ns; walltime 0.000 s; speed 343.750 us/s
- Verilator: cpu 0.000 s on 1 threads; alloced 2 MB
/Users/zhoubot/pyCircuit/.pycircuit_out/sim/example_digital_clock/project_manifest.json
[pyc] run(cpp) example_digital_clock: /Users/zhoubot/pyCircuit/.pycircuit_out/sim/example_digital_clock/cpp_build/build/pyc_tb
[pyc] sim(example) example_fastfwd: /Users/zhoubot/pyCircuit/designs/examples/fastfwd/tb_fastfwd.py
jit-cache: miss
/Users/zhoubot/pyCircuit/.pycircuit_out/sim/example_fastfwd/cpp_build/src/CMakeLists.txt
-- The CXX compiler identification is AppleClang 17.0.0.17000604
-- Detecting CXX compiler ABI info
-- Detecting CXX compiler ABI info - done
-- Check for working CXX compiler: /usr/bin/c++ - skipped
-- Detecting CXX compile features
-- Detecting CXX compile features - done
-- Configuring done (0.3s)
-- Generating done (0.0s)
-- Build files have been written to: /Users/zhoubot/pyCircuit/.pycircuit_out/sim/example_fastfwd/cpp_build/build
[1/5] Building CXX object CMakeFiles/pyc4_runtime.dir/Users/zhoubot/pyCircuit/runtime/cpp/pyc_runtime.cpp.o
[2/5] Linking CXX static library libpyc4_runtime.a
[3/5] Building CXX object CMakeFiles/pyc_tb.dir/Users/zhoubot/pyCircuit/.pycircuit_out/sim/example_fastfwd/device/cpp/fastfwd/fastfwd.cpp.o
[4/5] Building CXX object CMakeFiles/pyc_tb.dir/Users/zhoubot/pyCircuit/.pycircuit_out/sim/example_fastfwd/tb/tb_fastfwd.cpp.o
[5/5] Linking CXX executable pyc_tb
OK
- /Users/zhoubot/pyCircuit/.pycircuit_out/sim/example_fastfwd/tb/tb_fastfwd.sv:152: Verilog $finish
- S i m u l a t i o n   R e p o r t: Verilator 5.044 2026-01-01
- Verilator: $finish at 2ns; walltime 0.000 s; speed 86.957 us/s
- Verilator: cpu 0.000 s on 1 threads; alloced 1 MB
/Users/zhoubot/pyCircuit/.pycircuit_out/sim/example_fastfwd/project_manifest.json
[pyc] run(cpp) example_fastfwd: /Users/zhoubot/pyCircuit/.pycircuit_out/sim/example_fastfwd/cpp_build/build/pyc_tb
[pyc] sim(example) example_fifo_loopback: /Users/zhoubot/pyCircuit/designs/examples/fifo_loopback/tb_fifo_loopback.py
jit-cache: miss
/Users/zhoubot/pyCircuit/.pycircuit_out/sim/example_fifo_loopback/cpp_build/src/CMakeLists.txt
-- The CXX compiler identification is AppleClang 17.0.0.17000604
-- Detecting CXX compiler ABI info
-- Detecting CXX compiler ABI info - done
-- Check for working CXX compiler: /usr/bin/c++ - skipped
-- Detecting CXX compile features
-- Detecting CXX compile features - done
-- Configuring done (0.3s)
-- Generating done (0.0s)
-- Build files have been written to: /Users/zhoubot/pyCircuit/.pycircuit_out/sim/example_fifo_loopback/cpp_build/build
[1/5] Building CXX object CMakeFiles/pyc4_runtime.dir/Users/zhoubot/pyCircuit/runtime/cpp/pyc_runtime.cpp.o
[2/5] Linking CXX static library libpyc4_runtime.a
[3/5] Building CXX object CMakeFiles/pyc_tb.dir/Users/zhoubot/pyCircuit/.pycircuit_out/sim/example_fifo_loopback/device/cpp/fifo_loopback/fifo_loopback.cpp.o
[4/5] Building CXX object CMakeFiles/pyc_tb.dir/Users/zhoubot/pyCircuit/.pycircuit_out/sim/example_fifo_loopback/tb/tb_fifo_loopback.cpp.o
[5/5] Linking CXX executable pyc_tb
OK
- /Users/zhoubot/pyCircuit/.pycircuit_out/sim/example_fifo_loopback/tb/tb_fifo_loopback.sv:69: Verilog $finish
- S i m u l a t i o n   R e p o r t: Verilator 5.044 2026-01-01
- Verilator: $finish at 15ns; walltime 0.000 s; speed 555.556 us/s
- Verilator: cpu 0.000 s on 1 threads; alloced 1 MB
/Users/zhoubot/pyCircuit/.pycircuit_out/sim/example_fifo_loopback/project_manifest.json
[pyc] run(cpp) example_fifo_loopback: /Users/zhoubot/pyCircuit/.pycircuit_out/sim/example_fifo_loopback/cpp_build/build/pyc_tb
[pyc] sim(example) example_hier_modules: /Users/zhoubot/pyCircuit/designs/examples/hier_modules/tb_hier_modules.py
jit-cache: miss
/Users/zhoubot/pyCircuit/.pycircuit_out/sim/example_hier_modules/cpp_build/src/CMakeLists.txt
-- The CXX compiler identification is AppleClang 17.0.0.17000604
-- Detecting CXX compiler ABI info
-- Detecting CXX compiler ABI info - done
-- Check for working CXX compiler: /usr/bin/c++ - skipped
-- Detecting CXX compile features
-- Detecting CXX compile features - done
-- Configuring done (0.3s)
-- Generating done (0.0s)
-- Build files have been written to: /Users/zhoubot/pyCircuit/.pycircuit_out/sim/example_hier_modules/cpp_build/build
[1/6] Building CXX object CMakeFiles/pyc4_runtime.dir/Users/zhoubot/pyCircuit/runtime/cpp/pyc_runtime.cpp.o
[2/6] Linking CXX static library libpyc4_runtime.a
[3/6] Building CXX object CMakeFiles/pyc_tb.dir/Users/zhoubot/pyCircuit/.pycircuit_out/sim/example_hier_modules/device/cpp/_incrementer__pfe128b6d/_incrementer__pfe128b6d.cpp.o
[4/6] Building CXX object CMakeFiles/pyc_tb.dir/Users/zhoubot/pyCircuit/.pycircuit_out/sim/example_hier_modules/device/cpp/hier_modules/hier_modules.cpp.o
[5/6] Building CXX object CMakeFiles/pyc_tb.dir/Users/zhoubot/pyCircuit/.pycircuit_out/sim/example_hier_modules/tb/tb_hier_modules.cpp.o
[6/6] Linking CXX executable pyc_tb
OK
- /Users/zhoubot/pyCircuit/.pycircuit_out/sim/example_hier_modules/tb/tb_hier_modules.sv:46: Verilog $finish
- S i m u l a t i o n   R e p o r t: Verilator 5.044 2026-01-01
- Verilator: $finish at 2ns; walltime 0.000 s; speed 76.923 us/s
- Verilator: cpu 0.000 s on 1 threads; alloced 1 MB
/Users/zhoubot/pyCircuit/.pycircuit_out/sim/example_hier_modules/project_manifest.json
[pyc] run(cpp) example_hier_modules: /Users/zhoubot/pyCircuit/.pycircuit_out/sim/example_hier_modules/cpp_build/build/pyc_tb
[pyc] sim(example) example_instance_map: /Users/zhoubot/pyCircuit/designs/examples/instance_map/tb_instance_map.py
jit-cache: miss
/Users/zhoubot/pyCircuit/.pycircuit_out/sim/example_instance_map/cpp_build/src/CMakeLists.txt
-- The CXX compiler identification is AppleClang 17.0.0.17000604
-- Detecting CXX compiler ABI info
-- Detecting CXX compiler ABI info - done
-- Check for working CXX compiler: /usr/bin/c++ - skipped
-- Detecting CXX compile features
-- Detecting CXX compile features - done
-- Configuring done (0.3s)
-- Generating done (0.0s)
-- Build files have been written to: /Users/zhoubot/pyCircuit/.pycircuit_out/sim/example_instance_map/cpp_build/build
[1/8] Building CXX object CMakeFiles/pyc4_runtime.dir/Users/zhoubot/pyCircuit/runtime/cpp/pyc_runtime.cpp.o
[2/8] Building CXX object CMakeFiles/pyc_tb.dir/Users/zhoubot/pyCircuit/.pycircuit_out/sim/example_instance_map/device/cpp/_unit__p674e0165/_unit__p674e0165.cpp.o
[3/8] Building CXX object CMakeFiles/pyc_tb.dir/Users/zhoubot/pyCircuit/.pycircuit_out/sim/example_instance_map/device/cpp/_unit__pb6ca0b79/_unit__pb6ca0b79.cpp.o
[4/8] Building CXX object CMakeFiles/pyc_tb.dir/Users/zhoubot/pyCircuit/.pycircuit_out/sim/example_instance_map/device/cpp/_unit__pe7925133/_unit__pe7925133.cpp.o
[5/8] Building CXX object CMakeFiles/pyc_tb.dir/Users/zhoubot/pyCircuit/.pycircuit_out/sim/example_instance_map/device/cpp/instance_map/instance_map.cpp.o
[6/8] Linking CXX static library libpyc4_runtime.a
[7/8] Building CXX object CMakeFiles/pyc_tb.dir/Users/zhoubot/pyCircuit/.pycircuit_out/sim/example_instance_map/tb/tb_instance_map.cpp.o
[8/8] Linking CXX executable pyc_tb
OK
- /Users/zhoubot/pyCircuit/.pycircuit_out/sim/example_instance_map/tb/tb_instance_map.sv:63: Verilog $finish
- S i m u l a t i o n   R e p o r t: Verilator 5.044 2026-01-01
- Verilator: $finish at 2ns; walltime 0.000 s; speed 95.238 us/s
- Verilator: cpu 0.000 s on 1 threads; alloced 1 MB
/Users/zhoubot/pyCircuit/.pycircuit_out/sim/example_instance_map/project_manifest.json
[pyc] run(cpp) example_instance_map: /Users/zhoubot/pyCircuit/.pycircuit_out/sim/example_instance_map/cpp_build/build/pyc_tb
[pyc] sim(example) example_interface_wiring: /Users/zhoubot/pyCircuit/designs/examples/interface_wiring/tb_interface_wiring.py
jit-cache: miss
/Users/zhoubot/pyCircuit/.pycircuit_out/sim/example_interface_wiring/cpp_build/src/CMakeLists.txt
-- The CXX compiler identification is AppleClang 17.0.0.17000604
-- Detecting CXX compiler ABI info
-- Detecting CXX compiler ABI info - done
-- Check for working CXX compiler: /usr/bin/c++ - skipped
-- Detecting CXX compile features
-- Detecting CXX compile features - done
-- Configuring done (0.3s)
-- Generating done (0.0s)
-- Build files have been written to: /Users/zhoubot/pyCircuit/.pycircuit_out/sim/example_interface_wiring/cpp_build/build
[1/6] Building CXX object CMakeFiles/pyc4_runtime.dir/Users/zhoubot/pyCircuit/runtime/cpp/pyc_runtime.cpp.o
[2/6] Linking CXX static library libpyc4_runtime.a
[3/6] Building CXX object CMakeFiles/pyc_tb.dir/Users/zhoubot/pyCircuit/.pycircuit_out/sim/example_interface_wiring/device/cpp/pair_add__p2e894d48/pair_add__p2e894d48.cpp.o
[4/6] Building CXX object CMakeFiles/pyc_tb.dir/Users/zhoubot/pyCircuit/.pycircuit_out/sim/example_interface_wiring/device/cpp/interface_wiring/interface_wiring.cpp.o
[5/6] Building CXX object CMakeFiles/pyc_tb.dir/Users/zhoubot/pyCircuit/.pycircuit_out/sim/example_interface_wiring/tb/tb_interface_wiring.cpp.o
[6/6] Linking CXX executable pyc_tb
OK
- /Users/zhoubot/pyCircuit/.pycircuit_out/sim/example_interface_wiring/tb/tb_interface_wiring.sv:53: Verilog $finish
- S i m u l a t i o n   R e p o r t: Verilator 5.044 2026-01-01
- Verilator: $finish at 2ns; walltime 0.000 s; speed 71.429 us/s
- Verilator: cpu 0.000 s on 1 threads; alloced 1 MB
/Users/zhoubot/pyCircuit/.pycircuit_out/sim/example_interface_wiring/project_manifest.json
[pyc] run(cpp) example_interface_wiring: /Users/zhoubot/pyCircuit/.pycircuit_out/sim/example_interface_wiring/cpp_build/build/pyc_tb
[pyc] sim(example) example_issue_queue_2picker: /Users/zhoubot/pyCircuit/designs/examples/issue_queue_2picker/tb_issue_queue_2picker.py
jit-cache: miss
/Users/zhoubot/pyCircuit/.pycircuit_out/sim/example_issue_queue_2picker/cpp_build/src/CMakeLists.txt
-- The CXX compiler identification is AppleClang 17.0.0.17000604
-- Detecting CXX compiler ABI info
-- Detecting CXX compiler ABI info - done
-- Check for working CXX compiler: /usr/bin/c++ - skipped
-- Detecting CXX compile features
-- Detecting CXX compile features - done
-- Configuring done (0.3s)
-- Generating done (0.0s)
-- Build files have been written to: /Users/zhoubot/pyCircuit/.pycircuit_out/sim/example_issue_queue_2picker/cpp_build/build
[1/5] Building CXX object CMakeFiles/pyc4_runtime.dir/Users/zhoubot/pyCircuit/runtime/cpp/pyc_runtime.cpp.o
[2/5] Linking CXX static library libpyc4_runtime.a
[3/5] Building CXX object CMakeFiles/pyc_tb.dir/Users/zhoubot/pyCircuit/.pycircuit_out/sim/example_issue_queue_2picker/device/cpp/issue_queue_2picker/issue_queue_2picker.cpp.o
[4/5] Building CXX object CMakeFiles/pyc_tb.dir/Users/zhoubot/pyCircuit/.pycircuit_out/sim/example_issue_queue_2picker/tb/tb_issue_queue_2picker.cpp.o
[5/5] Linking CXX executable pyc_tb
OK
- /Users/zhoubot/pyCircuit/.pycircuit_out/sim/example_issue_queue_2picker/tb/tb_issue_queue_2picker.sv:84: Verilog $finish
- S i m u l a t i o n   R e p o r t: Verilator 5.044 2026-01-01
- Verilator: $finish at 13ns; walltime 0.000 s; speed 541.667 us/s
- Verilator: cpu 0.000 s on 1 threads; alloced 2 MB
/Users/zhoubot/pyCircuit/.pycircuit_out/sim/example_issue_queue_2picker/project_manifest.json
[pyc] run(cpp) example_issue_queue_2picker: /Users/zhoubot/pyCircuit/.pycircuit_out/sim/example_issue_queue_2picker/cpp_build/build/pyc_tb
[pyc] sim(example) example_jit_control_flow: /Users/zhoubot/pyCircuit/designs/examples/jit_control_flow/tb_jit_control_flow.py
jit-cache: miss
/Users/zhoubot/pyCircuit/.pycircuit_out/sim/example_jit_control_flow/cpp_build/src/CMakeLists.txt
-- The CXX compiler identification is AppleClang 17.0.0.17000604
-- Detecting CXX compiler ABI info
-- Detecting CXX compiler ABI info - done
-- Check for working CXX compiler: /usr/bin/c++ - skipped
-- Detecting CXX compile features
-- Detecting CXX compile features - done
-- Configuring done (0.3s)
-- Generating done (0.0s)
-- Build files have been written to: /Users/zhoubot/pyCircuit/.pycircuit_out/sim/example_jit_control_flow/cpp_build/build
[1/5] Building CXX object CMakeFiles/pyc4_runtime.dir/Users/zhoubot/pyCircuit/runtime/cpp/pyc_runtime.cpp.o
[2/5] Linking CXX static library libpyc4_runtime.a
[3/5] Building CXX object CMakeFiles/pyc_tb.dir/Users/zhoubot/pyCircuit/.pycircuit_out/sim/example_jit_control_flow/device/cpp/jit_control_flow/jit_control_flow.cpp.o
[4/5] Building CXX object CMakeFiles/pyc_tb.dir/Users/zhoubot/pyCircuit/.pycircuit_out/sim/example_jit_control_flow/tb/tb_jit_control_flow.cpp.o
[5/5] Linking CXX executable pyc_tb
OK
- /Users/zhoubot/pyCircuit/.pycircuit_out/sim/example_jit_control_flow/tb/tb_jit_control_flow.sv:54: Verilog $finish
- S i m u l a t i o n   R e p o r t: Verilator 5.044 2026-01-01
- Verilator: $finish at 2ns; walltime 0.000 s; speed 83.333 us/s
- Verilator: cpu 0.000 s on 1 threads; alloced 1 MB
/Users/zhoubot/pyCircuit/.pycircuit_out/sim/example_jit_control_flow/project_manifest.json
[pyc] run(cpp) example_jit_control_flow: /Users/zhoubot/pyCircuit/.pycircuit_out/sim/example_jit_control_flow/cpp_build/build/pyc_tb
[pyc] sim(example) example_jit_pipeline_vec: /Users/zhoubot/pyCircuit/designs/examples/jit_pipeline_vec/tb_jit_pipeline_vec.py
jit-cache: miss
/Users/zhoubot/pyCircuit/.pycircuit_out/sim/example_jit_pipeline_vec/cpp_build/src/CMakeLists.txt
-- The CXX compiler identification is AppleClang 17.0.0.17000604
-- Detecting CXX compiler ABI info
-- Detecting CXX compiler ABI info - done
-- Check for working CXX compiler: /usr/bin/c++ - skipped
-- Detecting CXX compile features
-- Detecting CXX compile features - done
-- Configuring done (0.4s)
-- Generating done (0.0s)
-- Build files have been written to: /Users/zhoubot/pyCircuit/.pycircuit_out/sim/example_jit_pipeline_vec/cpp_build/build
[1/5] Building CXX object CMakeFiles/pyc4_runtime.dir/Users/zhoubot/pyCircuit/runtime/cpp/pyc_runtime.cpp.o
[2/5] Linking CXX static library libpyc4_runtime.a
[3/5] Building CXX object CMakeFiles/pyc_tb.dir/Users/zhoubot/pyCircuit/.pycircuit_out/sim/example_jit_pipeline_vec/device/cpp/jit_pipeline_vec/jit_pipeline_vec.cpp.o
[4/5] Building CXX object CMakeFiles/pyc_tb.dir/Users/zhoubot/pyCircuit/.pycircuit_out/sim/example_jit_pipeline_vec/tb/tb_jit_pipeline_vec.cpp.o
[5/5] Linking CXX executable pyc_tb
OK
- /Users/zhoubot/pyCircuit/.pycircuit_out/sim/example_jit_pipeline_vec/tb/tb_jit_pipeline_vec.sv:69: Verilog $finish
- S i m u l a t i o n   R e p o r t: Verilator 5.044 2026-01-01
- Verilator: $finish at 15ns; walltime 0.000 s; speed 517.241 us/s
- Verilator: cpu 0.000 s on 1 threads; alloced 1 MB
/Users/zhoubot/pyCircuit/.pycircuit_out/sim/example_jit_pipeline_vec/project_manifest.json
[pyc] run(cpp) example_jit_pipeline_vec: /Users/zhoubot/pyCircuit/.pycircuit_out/sim/example_jit_pipeline_vec/cpp_build/build/pyc_tb
[pyc] sim(example) example_mem_rdw_olddata: /Users/zhoubot/pyCircuit/designs/examples/mem_rdw_olddata/tb_mem_rdw_olddata.py
jit-cache: miss
/Users/zhoubot/pyCircuit/.pycircuit_out/sim/example_mem_rdw_olddata/cpp_build/src/CMakeLists.txt
-- The CXX compiler identification is AppleClang 17.0.0.17000604
-- Detecting CXX compiler ABI info
-- Detecting CXX compiler ABI info - done
-- Check for working CXX compiler: /usr/bin/c++ - skipped
-- Detecting CXX compile features
-- Detecting CXX compile features - done
-- Configuring done (0.3s)
-- Generating done (0.0s)
-- Build files have been written to: /Users/zhoubot/pyCircuit/.pycircuit_out/sim/example_mem_rdw_olddata/cpp_build/build
[1/5] Building CXX object CMakeFiles/pyc4_runtime.dir/Users/zhoubot/pyCircuit/runtime/cpp/pyc_runtime.cpp.o
[2/5] Linking CXX static library libpyc4_runtime.a
[3/5] Building CXX object CMakeFiles/pyc_tb.dir/Users/zhoubot/pyCircuit/.pycircuit_out/sim/example_mem_rdw_olddata/device/cpp/mem_rdw_olddata/mem_rdw_olddata.cpp.o
[4/5] Building CXX object CMakeFiles/pyc_tb.dir/Users/zhoubot/pyCircuit/.pycircuit_out/sim/example_mem_rdw_olddata/tb/tb_mem_rdw_olddata.cpp.o
[5/5] Linking CXX executable pyc_tb
OK
- /Users/zhoubot/pyCircuit/.pycircuit_out/sim/example_mem_rdw_olddata/tb/tb_mem_rdw_olddata.sv:105: Verilog $finish
- S i m u l a t i o n   R e p o r t: Verilator 5.044 2026-01-01
- Verilator: $finish at 15ns; walltime 0.000 s; speed 517.241 us/s
- Verilator: cpu 0.000 s on 1 threads; alloced 1 MB
/Users/zhoubot/pyCircuit/.pycircuit_out/sim/example_mem_rdw_olddata/project_manifest.json
[pyc] run(cpp) example_mem_rdw_olddata: /Users/zhoubot/pyCircuit/.pycircuit_out/sim/example_mem_rdw_olddata/cpp_build/build/pyc_tb
[pyc] sim(example) example_module_collection: /Users/zhoubot/pyCircuit/designs/examples/module_collection/tb_module_collection.py
jit-cache: miss
/Users/zhoubot/pyCircuit/.pycircuit_out/sim/example_module_collection/cpp_build/src/CMakeLists.txt
-- The CXX compiler identification is AppleClang 17.0.0.17000604
-- Detecting CXX compiler ABI info
-- Detecting CXX compiler ABI info - done
-- Check for working CXX compiler: /usr/bin/c++ - skipped
-- Detecting CXX compile features
-- Detecting CXX compile features - done
-- Configuring done (0.3s)
-- Generating done (0.0s)
-- Build files have been written to: /Users/zhoubot/pyCircuit/.pycircuit_out/sim/example_module_collection/cpp_build/build
[1/6] Building CXX object CMakeFiles/pyc4_runtime.dir/Users/zhoubot/pyCircuit/runtime/cpp/pyc_runtime.cpp.o
[2/6] Linking CXX static library libpyc4_runtime.a
[3/6] Building CXX object CMakeFiles/pyc_tb.dir/Users/zhoubot/pyCircuit/.pycircuit_out/sim/example_module_collection/device/cpp/_lane__p73e97f58/_lane__p73e97f58.cpp.o
[4/6] Building CXX object CMakeFiles/pyc_tb.dir/Users/zhoubot/pyCircuit/.pycircuit_out/sim/example_module_collection/device/cpp/module_collection/module_collection.cpp.o
[5/6] Building CXX object CMakeFiles/pyc_tb.dir/Users/zhoubot/pyCircuit/.pycircuit_out/sim/example_module_collection/tb/tb_module_collection.cpp.o
[6/6] Linking CXX executable pyc_tb
OK
- /Users/zhoubot/pyCircuit/.pycircuit_out/sim/example_module_collection/tb/tb_module_collection.sv:46: Verilog $finish
- S i m u l a t i o n   R e p o r t: Verilator 5.044 2026-01-01
- Verilator: $finish at 2ns; walltime 0.000 s; speed 83.333 us/s
- Verilator: cpu 0.000 s on 1 threads; alloced 2 MB
/Users/zhoubot/pyCircuit/.pycircuit_out/sim/example_module_collection/project_manifest.json
[pyc] run(cpp) example_module_collection: /Users/zhoubot/pyCircuit/.pycircuit_out/sim/example_module_collection/cpp_build/build/pyc_tb
[pyc] sim(example) example_multiclock_regs: /Users/zhoubot/pyCircuit/designs/examples/multiclock_regs/tb_multiclock_regs.py
jit-cache: miss
/Users/zhoubot/pyCircuit/.pycircuit_out/sim/example_multiclock_regs/cpp_build/src/CMakeLists.txt
-- The CXX compiler identification is AppleClang 17.0.0.17000604
-- Detecting CXX compiler ABI info
-- Detecting CXX compiler ABI info - done
-- Check for working CXX compiler: /usr/bin/c++ - skipped
-- Detecting CXX compile features
-- Detecting CXX compile features - done
-- Configuring done (0.3s)
-- Generating done (0.0s)
-- Build files have been written to: /Users/zhoubot/pyCircuit/.pycircuit_out/sim/example_multiclock_regs/cpp_build/build
[1/5] Building CXX object CMakeFiles/pyc4_runtime.dir/Users/zhoubot/pyCircuit/runtime/cpp/pyc_runtime.cpp.o
[2/5] Linking CXX static library libpyc4_runtime.a
[3/5] Building CXX object CMakeFiles/pyc_tb.dir/Users/zhoubot/pyCircuit/.pycircuit_out/sim/example_multiclock_regs/device/cpp/multiclock_regs/multiclock_regs.cpp.o
[4/5] Building CXX object CMakeFiles/pyc_tb.dir/Users/zhoubot/pyCircuit/.pycircuit_out/sim/example_multiclock_regs/tb/tb_multiclock_regs.cpp.o
[5/5] Linking CXX executable pyc_tb
OK
- /Users/zhoubot/pyCircuit/.pycircuit_out/sim/example_multiclock_regs/tb/tb_multiclock_regs.sv:62: Verilog $finish
- S i m u l a t i o n   R e p o r t: Verilator 5.044 2026-01-01
- Verilator: $finish at 13ns; walltime 0.000 s; speed 464.286 us/s
- Verilator: cpu 0.000 s on 1 threads; alloced 1 MB
/Users/zhoubot/pyCircuit/.pycircuit_out/sim/example_multiclock_regs/project_manifest.json
[pyc] run(cpp) example_multiclock_regs: /Users/zhoubot/pyCircuit/.pycircuit_out/sim/example_multiclock_regs/cpp_build/build/pyc_tb
[pyc] sim(example) example_obs_points: /Users/zhoubot/pyCircuit/designs/examples/obs_points/tb_obs_points.py
jit-cache: miss
/Users/zhoubot/pyCircuit/.pycircuit_out/sim/example_obs_points/cpp_build/src/CMakeLists.txt
-- The CXX compiler identification is AppleClang 17.0.0.17000604
-- Detecting CXX compiler ABI info
-- Detecting CXX compiler ABI info - done
-- Check for working CXX compiler: /usr/bin/c++ - skipped
-- Detecting CXX compile features
-- Detecting CXX compile features - done
-- Configuring done (0.3s)
-- Generating done (0.0s)
-- Build files have been written to: /Users/zhoubot/pyCircuit/.pycircuit_out/sim/example_obs_points/cpp_build/build
[1/5] Building CXX object CMakeFiles/pyc4_runtime.dir/Users/zhoubot/pyCircuit/runtime/cpp/pyc_runtime.cpp.o
[2/5] Linking CXX static library libpyc4_runtime.a
[3/5] Building CXX object CMakeFiles/pyc_tb.dir/Users/zhoubot/pyCircuit/.pycircuit_out/sim/example_obs_points/device/cpp/obs_points/obs_points.cpp.o
[4/5] Building CXX object CMakeFiles/pyc_tb.dir/Users/zhoubot/pyCircuit/.pycircuit_out/sim/example_obs_points/tb/tb_obs_points.cpp.o
[5/5] Linking CXX executable pyc_tb
OK
- /Users/zhoubot/pyCircuit/.pycircuit_out/sim/example_obs_points/tb/tb_obs_points.sv:86: Verilog $finish
- S i m u l a t i o n   R e p o r t: Verilator 5.044 2026-01-01
- Verilator: $finish at 11ns; walltime 0.000 s; speed 366.667 us/s
- Verilator: cpu 0.000 s on 1 threads; alloced 1 MB
/Users/zhoubot/pyCircuit/.pycircuit_out/sim/example_obs_points/project_manifest.json
[pyc] run(cpp) example_obs_points: /Users/zhoubot/pyCircuit/.pycircuit_out/sim/example_obs_points/cpp_build/build/pyc_tb
[pyc] sim(example) example_pipeline_builder: /Users/zhoubot/pyCircuit/designs/examples/pipeline_builder/tb_pipeline_builder.py
jit-cache: miss
/Users/zhoubot/pyCircuit/.pycircuit_out/sim/example_pipeline_builder/cpp_build/src/CMakeLists.txt
-- The CXX compiler identification is AppleClang 17.0.0.17000604
-- Detecting CXX compiler ABI info
-- Detecting CXX compiler ABI info - done
-- Check for working CXX compiler: /usr/bin/c++ - skipped
-- Detecting CXX compile features
-- Detecting CXX compile features - done
-- Configuring done (0.3s)
-- Generating done (0.0s)
-- Build files have been written to: /Users/zhoubot/pyCircuit/.pycircuit_out/sim/example_pipeline_builder/cpp_build/build
[1/5] Building CXX object CMakeFiles/pyc4_runtime.dir/Users/zhoubot/pyCircuit/runtime/cpp/pyc_runtime.cpp.o
[2/5] Linking CXX static library libpyc4_runtime.a
[3/5] Building CXX object CMakeFiles/pyc_tb.dir/Users/zhoubot/pyCircuit/.pycircuit_out/sim/example_pipeline_builder/device/cpp/pipeline_builder/pipeline_builder.cpp.o
[4/5] Building CXX object CMakeFiles/pyc_tb.dir/Users/zhoubot/pyCircuit/.pycircuit_out/sim/example_pipeline_builder/tb/tb_pipeline_builder.cpp.o
[5/5] Linking CXX executable pyc_tb
OK
- /Users/zhoubot/pyCircuit/.pycircuit_out/sim/example_pipeline_builder/tb/tb_pipeline_builder.sv:70: Verilog $finish
- S i m u l a t i o n   R e p o r t: Verilator 5.044 2026-01-01
- Verilator: $finish at 13ns; walltime 0.000 s; speed 464.286 us/s
- Verilator: cpu 0.000 s on 1 threads; alloced 1 MB
/Users/zhoubot/pyCircuit/.pycircuit_out/sim/example_pipeline_builder/project_manifest.json
[pyc] run(cpp) example_pipeline_builder: /Users/zhoubot/pyCircuit/.pycircuit_out/sim/example_pipeline_builder/cpp_build/build/pyc_tb
[pyc] sim(example) example_struct_transform: /Users/zhoubot/pyCircuit/designs/examples/struct_transform/tb_struct_transform.py
jit-cache: miss
/Users/zhoubot/pyCircuit/.pycircuit_out/sim/example_struct_transform/cpp_build/src/CMakeLists.txt
-- The CXX compiler identification is AppleClang 17.0.0.17000604
-- Detecting CXX compiler ABI info
-- Detecting CXX compiler ABI info - done
-- Check for working CXX compiler: /usr/bin/c++ - skipped
-- Detecting CXX compile features
-- Detecting CXX compile features - done
-- Configuring done (0.3s)
-- Generating done (0.0s)
-- Build files have been written to: /Users/zhoubot/pyCircuit/.pycircuit_out/sim/example_struct_transform/cpp_build/build
[1/5] Building CXX object CMakeFiles/pyc4_runtime.dir/Users/zhoubot/pyCircuit/runtime/cpp/pyc_runtime.cpp.o
[2/5] Linking CXX static library libpyc4_runtime.a
[3/5] Building CXX object CMakeFiles/pyc_tb.dir/Users/zhoubot/pyCircuit/.pycircuit_out/sim/example_struct_transform/device/cpp/struct_transform/struct_transform.cpp.o
[4/5] Building CXX object CMakeFiles/pyc_tb.dir/Users/zhoubot/pyCircuit/.pycircuit_out/sim/example_struct_transform/tb/tb_struct_transform.cpp.o
[5/5] Linking CXX executable pyc_tb
OK
- /Users/zhoubot/pyCircuit/.pycircuit_out/sim/example_struct_transform/tb/tb_struct_transform.sv:83: Verilog $finish
- S i m u l a t i o n   R e p o r t: Verilator 5.044 2026-01-01
- Verilator: $finish at 13ns; walltime 0.000 s; speed 520.000 us/s
- Verilator: cpu 0.000 s on 1 threads; alloced 1 MB
/Users/zhoubot/pyCircuit/.pycircuit_out/sim/example_struct_transform/project_manifest.json
[pyc] run(cpp) example_struct_transform: /Users/zhoubot/pyCircuit/.pycircuit_out/sim/example_struct_transform/cpp_build/build/pyc_tb
[pyc] sim(example) example_sync_mem_init_zero: /Users/zhoubot/pyCircuit/designs/examples/sync_mem_init_zero/tb_sync_mem_init_zero.py
jit-cache: miss
/Users/zhoubot/pyCircuit/.pycircuit_out/sim/example_sync_mem_init_zero/cpp_build/src/CMakeLists.txt
-- The CXX compiler identification is AppleClang 17.0.0.17000604
-- Detecting CXX compiler ABI info
-- Detecting CXX compiler ABI info - done
-- Check for working CXX compiler: /usr/bin/c++ - skipped
-- Detecting CXX compile features
-- Detecting CXX compile features - done
-- Configuring done (0.3s)
-- Generating done (0.0s)
-- Build files have been written to: /Users/zhoubot/pyCircuit/.pycircuit_out/sim/example_sync_mem_init_zero/cpp_build/build
[1/5] Building CXX object CMakeFiles/pyc4_runtime.dir/Users/zhoubot/pyCircuit/runtime/cpp/pyc_runtime.cpp.o
[2/5] Linking CXX static library libpyc4_runtime.a
[3/5] Building CXX object CMakeFiles/pyc_tb.dir/Users/zhoubot/pyCircuit/.pycircuit_out/sim/example_sync_mem_init_zero/device/cpp/sync_mem_init_zero/sync_mem_init_zero.cpp.o
[4/5] Building CXX object CMakeFiles/pyc_tb.dir/Users/zhoubot/pyCircuit/.pycircuit_out/sim/example_sync_mem_init_zero/tb/tb_sync_mem_init_zero.cpp.o
[5/5] Linking CXX executable pyc_tb
OK
- /Users/zhoubot/pyCircuit/.pycircuit_out/sim/example_sync_mem_init_zero/tb/tb_sync_mem_init_zero.sv:91: Verilog $finish
- S i m u l a t i o n   R e p o r t: Verilator 5.044 2026-01-01
- Verilator: $finish at 13ns; walltime 0.000 s; speed 464.286 us/s
- Verilator: cpu 0.000 s on 1 threads; alloced 2 MB
/Users/zhoubot/pyCircuit/.pycircuit_out/sim/example_sync_mem_init_zero/project_manifest.json
[pyc] run(cpp) example_sync_mem_init_zero: /Users/zhoubot/pyCircuit/.pycircuit_out/sim/example_sync_mem_init_zero/cpp_build/build/pyc_tb
[pyc] sim(example) example_trace_dsl_smoke: /Users/zhoubot/pyCircuit/designs/examples/trace_dsl_smoke/tb_trace_dsl_smoke.py
jit-cache: miss
/Users/zhoubot/pyCircuit/.pycircuit_out/sim/example_trace_dsl_smoke/cpp_build/src/CMakeLists.txt
-- The CXX compiler identification is AppleClang 17.0.0.17000604
-- Detecting CXX compiler ABI info
-- Detecting CXX compiler ABI info - done
-- Check for working CXX compiler: /usr/bin/c++ - skipped
-- Detecting CXX compile features
-- Detecting CXX compile features - done
-- Configuring done (0.3s)
-- Generating done (0.0s)
-- Build files have been written to: /Users/zhoubot/pyCircuit/.pycircuit_out/sim/example_trace_dsl_smoke/cpp_build/build
[1/6] Building CXX object CMakeFiles/pyc4_runtime.dir/Users/zhoubot/pyCircuit/runtime/cpp/pyc_runtime.cpp.o
[2/6] Linking CXX static library libpyc4_runtime.a
[3/6] Building CXX object CMakeFiles/pyc_tb.dir/Users/zhoubot/pyCircuit/.pycircuit_out/sim/example_trace_dsl_smoke/device/cpp/leaf__p80da5f30/leaf__p80da5f30.cpp.o
[4/6] Building CXX object CMakeFiles/pyc_tb.dir/Users/zhoubot/pyCircuit/.pycircuit_out/sim/example_trace_dsl_smoke/device/cpp/trace_dsl_smoke/trace_dsl_smoke.cpp.o
[5/6] Building CXX object CMakeFiles/pyc_tb.dir/Users/zhoubot/pyCircuit/.pycircuit_out/sim/example_trace_dsl_smoke/tb/tb_trace_dsl_smoke.cpp.o
[6/6] Linking CXX executable pyc_tb
OK
- /Users/zhoubot/pyCircuit/.pycircuit_out/sim/example_trace_dsl_smoke/tb/tb_trace_dsl_smoke.sv:109: Verilog $finish
- S i m u l a t i o n   R e p o r t: Verilator 5.044 2026-01-01
- Verilator: $finish at 13ns; walltime 0.000 s; speed 47.619 us/s
- Verilator: cpu 0.000 s on 1 threads; alloced 2 MB
/Users/zhoubot/pyCircuit/.pycircuit_out/sim/example_trace_dsl_smoke/project_manifest.json
[pyc] run(cpp) example_trace_dsl_smoke: /Users/zhoubot/pyCircuit/.pycircuit_out/sim/example_trace_dsl_smoke/cpp_build/build/pyc_tb
ok: pyctrace binary trace emitted (schema v2, external-manifest mode)
[pyc] sim(example) example_wire_ops: /Users/zhoubot/pyCircuit/designs/examples/wire_ops/tb_wire_ops.py
jit-cache: miss
/Users/zhoubot/pyCircuit/.pycircuit_out/sim/example_wire_ops/cpp_build/src/CMakeLists.txt
-- The CXX compiler identification is AppleClang 17.0.0.17000604
-- Detecting CXX compiler ABI info
-- Detecting CXX compiler ABI info - done
-- Check for working CXX compiler: /usr/bin/c++ - skipped
-- Detecting CXX compile features
-- Detecting CXX compile features - done
-- Configuring done (0.3s)
-- Generating done (0.0s)
-- Build files have been written to: /Users/zhoubot/pyCircuit/.pycircuit_out/sim/example_wire_ops/cpp_build/build
[1/5] Building CXX object CMakeFiles/pyc4_runtime.dir/Users/zhoubot/pyCircuit/runtime/cpp/pyc_runtime.cpp.o
[2/5] Linking CXX static library libpyc4_runtime.a
[3/5] Building CXX object CMakeFiles/pyc_tb.dir/Users/zhoubot/pyCircuit/.pycircuit_out/sim/example_wire_ops/device/cpp/wire_ops/wire_ops.cpp.o
[4/5] Building CXX object CMakeFiles/pyc_tb.dir/Users/zhoubot/pyCircuit/.pycircuit_out/sim/example_wire_ops/tb/tb_wire_ops.cpp.o
[5/5] Linking CXX executable pyc_tb
OK
- /Users/zhoubot/pyCircuit/.pycircuit_out/sim/example_wire_ops/tb/tb_wire_ops.sv:72: Verilog $finish
- S i m u l a t i o n   R e p o r t: Verilator 5.044 2026-01-01
- Verilator: $finish at 13ns; walltime 0.000 s; speed 481.481 us/s
- Verilator: cpu 0.000 s on 1 threads; alloced 1 MB
/Users/zhoubot/pyCircuit/.pycircuit_out/sim/example_wire_ops/project_manifest.json
[pyc] run(cpp) example_wire_ops: /Users/zhoubot/pyCircuit/.pycircuit_out/sim/example_wire_ops/cpp_build/build/pyc_tb
[pyc] sim(non-example) issq: /Users/zhoubot/pyCircuit/designs/IssueQueue/tb_issq.py
jit-cache: miss
[tb] cyc=0 issq occupancy=2 issued_total=0
[tb] cyc=8 issq occupancy=4 issued_total=e
[tb] cyc=16 issq occupancy=1 issued_total=1d
OK
- /Users/zhoubot/pyCircuit/.pycircuit_out/sim/issq/tb/tb_TbIssq.sv:611: Verilog $finish
- S i m u l a t i o n   R e p o r t: Verilator 5.044 2026-01-01
- Verilator: $finish at 43ns; walltime 0.001 s; speed 59.722 us/s
- Verilator: cpu 0.001 s on 1 threads; alloced 2 MB
/Users/zhoubot/pyCircuit/.pycircuit_out/sim/issq/project_manifest.json
[pyc] sim(non-example) regfile: /Users/zhoubot/pyCircuit/designs/RegisterFile/tb_regfile.py
jit-cache: miss
OK
- /Users/zhoubot/pyCircuit/.pycircuit_out/sim/regfile/tb/tb_regfile.sv:586: Verilog $finish
- S i m u l a t i o n   R e p o r t: Verilator 5.044 2026-01-01
- Verilator: $finish at 27ns; walltime 0.000 s; speed 104.651 us/s
- Verilator: cpu 0.000 s on 1 threads; alloced 2 MB
/Users/zhoubot/pyCircuit/.pycircuit_out/sim/regfile/project_manifest.json
[pyc] sim(non-example) bypass_unit: /Users/zhoubot/pyCircuit/designs/BypassUnit/tb_bypass_unit.py
jit-cache: miss
